{"timestamp":"2025-05-12T02:46:03.581469","level":"info","event":"DAG bundles loaded: dags-folder, example_dags","logger":"airflow.dag_processing.bundles.manager.DagBundlesManager"}
{"timestamp":"2025-05-12T02:46:03.584968","level":"info","event":"Filling up the DagBag from /opt/airflow/dags/scraping_dag.py","logger":"airflow.models.dagbag.DagBag"}
{"timestamp":"2025-05-12T02:46:10.220505Z","level":"info","event":"Task instance is in running state","chan":"stdout","logger":"task"}
{"timestamp":"2025-05-12T02:46:10.221302Z","level":"info","event":" Previous state of the Task instance: queued","chan":"stdout","logger":"task"}
{"timestamp":"2025-05-12T02:46:10.221626Z","level":"info","event":"Current task name:scrape_market","chan":"stdout","logger":"task"}
{"timestamp":"2025-05-12T02:46:10.221913Z","level":"info","event":"Dag name:market_scraping","chan":"stdout","logger":"task"}
{"timestamp":"2025-05-12T02:46:07.431540","level":"info","event":"Secrets backends loaded for worker","count":1,"backend_classes":["EnvironmentVariablesBackend"],"logger":"supervisor"}
{"timestamp":"2025-05-12T02:46:10.221635","level":"info","event":"Connection Retrieved 'mongodb_conn'","logger":"airflow.hooks.base"}
{"timestamp":"2025-05-12T02:46:12.660440","level":"warning","event":"Cache folder (/usr/sbin/.cache/selenium) cannot be created: Permission denied (os error 13)","logger":"selenium.webdriver.common.selenium_manager"}
{"timestamp":"2025-05-12T02:46:12.660609","level":"warning","event":"Cache folder (/usr/sbin/.cache/selenium) cannot be created: Permission denied (os error 13)","logger":"selenium.webdriver.common.selenium_manager"}
{"timestamp":"2025-05-12T02:46:12.660675","level":"warning","event":"Cache folder (/usr/sbin/.cache/selenium) cannot be created: Permission denied (os error 13)","logger":"selenium.webdriver.common.selenium_manager"}
{"timestamp":"2025-05-12T02:46:31.428870","level":"error","event":"Error fatal saat mendapatkan jumlah halaman: Message: tab crashed\n  (Session info: chrome=136.0.7103.92)\nStacktrace:\n#0 0x55cd0e27778a <unknown>\n#1 0x55cd0dd19ef3 <unknown>\n#2 0x55cd0dd0330e <unknown>\n#3 0x55cd0dd0244d <unknown>\n#4 0x55cd0dd01ece <unknown>\n#5 0x55cd0dd01ba2 <unknown>\n#6 0x55cd0dcff9ef <unknown>\n#7 0x55cd0dd0031f <unknown>\n#8 0x55cd0dd0ef83 <unknown>\n#9 0x55cd0dd285ee <unknown>\n#10 0x55cd0dd2ee1b <unknown>\n#11 0x55cd0dd00a30 <unknown>\n#12 0x55cd0dd27df5 <unknown>\n#13 0x55cd0ddb75ba <unknown>\n#14 0x55cd0dd91173 <unknown>\n#15 0x55cd0dd5dd4b <unknown>\n#16 0x55cd0dd5e9b1 <unknown>\n#17 0x55cd0e23c93b <unknown>\n#18 0x55cd0e24083a <unknown>\n#19 0x55cd0e224692 <unknown>\n#20 0x55cd0e2413c4 <unknown>\n#21 0x55cd0e2094cf <unknown>\n#22 0x55cd0e265568 <unknown>\n#23 0x55cd0e265746 <unknown>\n#24 0x55cd0e2765f6 <unknown>\n#25 0x7f45540df1f5 <unknown>\n","logger":"root"}
{"timestamp":"2025-05-12T02:46:31.430512","level":"info","event":"Total halaman yang terdeteksi: 5","logger":"root"}
{"timestamp":"2025-05-12T02:46:32.549602","level":"info","event":"Scraping halaman 1/5: http://www.iqplus.info/news/market_news/go-to-page,1.html","logger":"root"}
{"timestamp":"2025-05-12T02:46:35.634798","level":"warning","event":"Cache folder (/usr/sbin/.cache/selenium) cannot be created: Permission denied (os error 13)","logger":"selenium.webdriver.common.selenium_manager"}
{"timestamp":"2025-05-12T02:46:35.634968","level":"warning","event":"Cache folder (/usr/sbin/.cache/selenium) cannot be created: Permission denied (os error 13)","logger":"selenium.webdriver.common.selenium_manager"}
{"timestamp":"2025-05-12T02:46:35.635024","level":"warning","event":"Cache folder (/usr/sbin/.cache/selenium) cannot be created: Permission denied (os error 13)","logger":"selenium.webdriver.common.selenium_manager"}
{"timestamp":"2025-05-12T02:47:02.064712","level":"info","event":"Ditemukan 30 berita di halaman 1","logger":"root"}
{"timestamp":"2025-05-12T02:47:02.065265","level":"info","event":"Scraping artikel 1/30 di halaman 1: EKOM: OJK CATAT 24 EMITEN BUYBACK SAHAM TANPA RUPS SENILAI Rp937,42 MILIAR","logger":"root"}
{"timestamp":"2025-05-12T02:47:02.449688","level":"info","event":"Artikel sudah ada di database: EKOM: OJK CATAT 24 EMITEN BUYBACK SAHAM TANPA RUPS SENILAI Rp937,42 MILIAR","logger":"root"}
{"timestamp":"2025-05-12T02:47:04.504955","level":"info","event":"Scraping artikel 2/30 di halaman 1: EKOM: KEMENPERIN PERCEPAT DEKARBONISASI INDUSTRI MENUJU TARGET NZE","logger":"root"}
{"timestamp":"2025-05-12T02:47:04.522684","level":"info","event":"Artikel sudah ada di database: EKOM: KEMENPERIN PERCEPAT DEKARBONISASI INDUSTRI MENUJU TARGET NZE","logger":"root"}
{"timestamp":"2025-05-12T02:47:06.531576","level":"info","event":"Scraping artikel 3/30 di halaman 1: EKOM: BIO FARMA DORONG KEMANDIRIAN NASIONAL DALAM PERANG MELAWAN TBC","logger":"root"}
{"timestamp":"2025-05-12T02:47:06.539664","level":"info","event":"Artikel sudah ada di database: EKOM: BIO FARMA DORONG KEMANDIRIAN NASIONAL DALAM PERANG MELAWAN TBC","logger":"root"}
{"timestamp":"2025-05-12T02:47:08.540159","level":"info","event":"Scraping artikel 4/30 di halaman 1: INEW: BANK ASING JUAL OBLIGASI INDIA AKIBAT KONFLIK","logger":"root"}
{"timestamp":"2025-05-12T02:47:08.548531","level":"info","event":"Artikel sudah ada di database: INEW: BANK ASING JUAL OBLIGASI INDIA AKIBAT KONFLIK","logger":"root"}
{"timestamp":"2025-05-12T02:47:10.549267","level":"info","event":"Scraping artikel 5/30 di halaman 1: EKOM: IHSG SESI II DITUTUP MENGUAT 5 POIN KE LEVEL 6.832","logger":"root"}
{"timestamp":"2025-05-12T02:47:10.557501","level":"info","event":"Artikel sudah ada di database: EKOM: IHSG SESI II DITUTUP MENGUAT 5 POIN KE LEVEL 6.832","logger":"root"}
{"timestamp":"2025-05-12T02:47:12.558199","level":"info","event":"Scraping artikel 6/30 di halaman 1: EKOM: BI PETAKAN DAN GALI INVESTASI POTENSIAL GENJOT EKONOMI DI BALI","logger":"root"}
{"timestamp":"2025-05-12T02:47:12.565950","level":"info","event":"Artikel sudah ada di database: EKOM: BI PETAKAN DAN GALI INVESTASI POTENSIAL GENJOT EKONOMI DI BALI","logger":"root"}
{"timestamp":"2025-05-12T02:47:14.575090","level":"info","event":"Scraping artikel 7/30 di halaman 1: EKOM: PERTAMINA SUKSES CETAK 40 PEMIMPIN PEREMPUAN","logger":"root"}
{"timestamp":"2025-05-12T02:47:14.583790","level":"info","event":"Artikel sudah ada di database: EKOM: PERTAMINA SUKSES CETAK 40 PEMIMPIN PEREMPUAN","logger":"root"}
{"timestamp":"2025-05-12T02:47:16.597377","level":"info","event":"Scraping artikel 8/30 di halaman 1: EKOM: ANGGOTA DPR DUKUNG PENINGKATAN PRODUKSI MIGAS NASIONAL","logger":"root"}
{"timestamp":"2025-05-12T02:47:16.608957","level":"info","event":"Artikel sudah ada di database: EKOM: ANGGOTA DPR DUKUNG PENINGKATAN PRODUKSI MIGAS NASIONAL","logger":"root"}
{"timestamp":"2025-05-12T02:47:18.609658","level":"info","event":"Scraping artikel 9/30 di halaman 1: EKOM: OJK: MODAL ASING KELUAR PASAR SAHAM RI RP50,72 TRILIUN HINGGA APRIL","logger":"root"}
{"timestamp":"2025-05-12T02:47:18.618894","level":"info","event":"Artikel sudah ada di database: EKOM: OJK: MODAL ASING KELUAR PASAR SAHAM RI RP50,72 TRILIUN HINGGA APRIL","logger":"root"}
{"timestamp":"2025-05-12T02:47:20.619485","level":"info","event":"Scraping artikel 10/30 di halaman 1: EKOM: MIND ID BERSINERGI DENGAN PERGURUAN TINGGI GUNA DORONG HILIRISASI","logger":"root"}
{"timestamp":"2025-05-12T02:47:20.626842","level":"info","event":"Artikel sudah ada di database: EKOM: MIND ID BERSINERGI DENGAN PERGURUAN TINGGI GUNA DORONG HILIRISASI","logger":"root"}
{"timestamp":"2025-05-12T02:47:22.627476","level":"info","event":"Scraping artikel 11/30 di halaman 1: INEW: INVESTOR TETAP OPTIMIS, IMBAL HASIL OBLIGASI AS BERGERAK","logger":"root"}
{"timestamp":"2025-05-12T02:47:22.635292","level":"info","event":"Artikel sudah ada di database: INEW: INVESTOR TETAP OPTIMIS, IMBAL HASIL OBLIGASI AS BERGERAK","logger":"root"}
{"timestamp":"2025-05-12T02:47:24.639574","level":"info","event":"Scraping artikel 12/30 di halaman 1: EKOM: INDONESIA BERENCANA KURANGI IMPOR BBM DARI SINGAPURA","logger":"root"}
{"timestamp":"2025-05-12T02:47:24.685816","level":"info","event":"Artikel sudah ada di database: EKOM: INDONESIA BERENCANA KURANGI IMPOR BBM DARI SINGAPURA","logger":"root"}
{"timestamp":"2025-05-12T02:47:26.686931","level":"info","event":"Scraping artikel 13/30 di halaman 1: EKOM: JELANG LIBUR WAISAK, ASDP IMBAU PENGGUNA JASA BELI TIKET ONLINE","logger":"root"}
{"timestamp":"2025-05-12T02:47:26.716974","level":"info","event":"Artikel sudah ada di database: EKOM: JELANG LIBUR WAISAK, ASDP IMBAU PENGGUNA JASA BELI TIKET ONLINE","logger":"root"}
{"timestamp":"2025-05-12T02:47:28.717561","level":"info","event":"Scraping artikel 14/30 di halaman 1: EKOM: MENTERI PU: SEKTOR INFRASTRUKTUR BERPERAN PENTING TURUNKAN NILAI ICOR","logger":"root"}
{"timestamp":"2025-05-12T02:47:28.737980","level":"info","event":"Artikel sudah ada di database: EKOM: MENTERI PU: SEKTOR INFRASTRUKTUR BERPERAN PENTING TURUNKAN NILAI ICOR","logger":"root"}
{"timestamp":"2025-05-12T02:47:30.738549","level":"info","event":"Scraping artikel 15/30 di halaman 1: EKOM: OJK: SEKTOR JASA KEUANGAN TERJAGA DI TENGAH TINGGINYA DINAMIKA EKONOMI","logger":"root"}
{"timestamp":"2025-05-12T02:47:30.748015","level":"info","event":"Artikel sudah ada di database: EKOM: OJK: SEKTOR JASA KEUANGAN TERJAGA DI TENGAH TINGGINYA DINAMIKA EKONOMI","logger":"root"}
{"timestamp":"2025-05-12T02:47:32.750567","level":"info","event":"Scraping artikel 16/30 di halaman 1: INEW: COMMERZBANK RAIH KENAIKAN LABA BERSIH 12% DI KUARTAL PERTAMA","logger":"root"}
{"timestamp":"2025-05-12T02:47:32.759309","level":"info","event":"Artikel sudah ada di database: INEW: COMMERZBANK RAIH KENAIKAN LABA BERSIH 12% DI KUARTAL PERTAMA","logger":"root"}
{"timestamp":"2025-05-12T02:47:34.857824","level":"info","event":"Scraping artikel 17/30 di halaman 1: EKOM: TINGKATKAN KUALITAS SDM, HIPMI SIAP KOLABORASI DENGAN DANANTARA","logger":"root"}
{"timestamp":"2025-05-12T02:47:34.867410","level":"info","event":"Artikel sudah ada di database: EKOM: TINGKATKAN KUALITAS SDM, HIPMI SIAP KOLABORASI DENGAN DANANTARA","logger":"root"}
{"timestamp":"2025-05-12T02:47:36.868225","level":"info","event":"Scraping artikel 18/30 di halaman 1: EKOM: AIRLANGGA SEBUT RI TERUS MENCIPTAKAN KLIM INVESTASI YANG KONDUSIF","logger":"root"}
{"timestamp":"2025-05-12T02:47:36.877006","level":"info","event":"Artikel sudah ada di database: EKOM: AIRLANGGA SEBUT RI TERUS MENCIPTAKAN KLIM INVESTASI YANG KONDUSIF","logger":"root"}
{"timestamp":"2025-05-12T02:47:38.877669","level":"info","event":"Scraping artikel 19/30 di halaman 1: INEW: BANK SENTRAL THAILAND : KETIDAKPASTIAN SANGAT TINGGI ATAS DAMPAK TARIF AS","logger":"root"}
{"timestamp":"2025-05-12T02:47:38.885376","level":"info","event":"Artikel sudah ada di database: INEW: BANK SENTRAL THAILAND : KETIDAKPASTIAN SANGAT TINGGI ATAS DAMPAK TARIF AS","logger":"root"}
{"timestamp":"2025-05-12T02:47:40.885900","level":"info","event":"Scraping artikel 20/30 di halaman 1: EKOM: GSMA: MASA DEPAN 5G ASIA ADA DI TANGAN INDONESIA","logger":"root"}
{"timestamp":"2025-05-12T02:47:40.895629","level":"info","event":"Artikel sudah ada di database: EKOM: GSMA: MASA DEPAN 5G ASIA ADA DI TANGAN INDONESIA","logger":"root"}
{"timestamp":"2025-05-12T02:47:42.896403","level":"info","event":"Scraping artikel 21/30 di halaman 1: EKOM: DPR SETUJUI PAGU ANGGARAN KEMENHUB 2025 JADI Rp26,29 TRILIUN","logger":"root"}
{"timestamp":"2025-05-12T02:47:42.907873","level":"info","event":"Artikel sudah ada di database: EKOM: DPR SETUJUI PAGU ANGGARAN KEMENHUB 2025 JADI Rp26,29 TRILIUN","logger":"root"}
{"timestamp":"2025-05-12T02:47:44.908574","level":"info","event":"Scraping artikel 22/30 di halaman 1: EKOM: SERAPAN TEMBUS 2.000.524 TON SETARA BERAS, STOK BULOG TEMBUS 3,6 JUTA TON","logger":"root"}
{"timestamp":"2025-05-12T02:47:44.919598","level":"info","event":"Artikel sudah ada di database: EKOM: SERAPAN TEMBUS 2.000.524 TON SETARA BERAS, STOK BULOG TEMBUS 3,6 JUTA TON","logger":"root"}
{"timestamp":"2025-05-12T02:47:46.920586","level":"info","event":"Scraping artikel 23/30 di halaman 1: EKOM: KAI TAMBAH LIMA KERETA DI DAOP 1 SAAT LIBUR WAISAK","logger":"root"}
{"timestamp":"2025-05-12T02:47:46.930946","level":"info","event":"Artikel sudah ada di database: EKOM: KAI TAMBAH LIMA KERETA DI DAOP 1 SAAT LIBUR WAISAK","logger":"root"}
{"timestamp":"2025-05-12T02:47:48.931609","level":"info","event":"Scraping artikel 24/30 di halaman 1: EKOM: DANANTARA DAN KADIN SALING MAJUKAN EKONOMI NEGARA","logger":"root"}
{"timestamp":"2025-05-12T02:47:48.941342","level":"info","event":"Artikel sudah ada di database: EKOM: DANANTARA DAN KADIN SALING MAJUKAN EKONOMI NEGARA","logger":"root"}
{"timestamp":"2025-05-12T02:47:50.941966","level":"info","event":"Scraping artikel 25/30 di halaman 1: INEW: NVDIA DIKABARKAN MODIFIKASI CHIP AI UNTUK PASAR CHINA","logger":"root"}
{"timestamp":"2025-05-12T02:47:50.949718","level":"info","event":"Artikel sudah ada di database: INEW: NVDIA DIKABARKAN MODIFIKASI CHIP AI UNTUK PASAR CHINA","logger":"root"}
{"timestamp":"2025-05-12T02:47:52.950294","level":"info","event":"Scraping artikel 26/30 di halaman 1: EKOM: BIO FARMA GELAR PENGOBATAN GRATIS DI JAWA BARAT","logger":"root"}
{"timestamp":"2025-05-12T02:47:52.959089","level":"info","event":"Artikel sudah ada di database: EKOM: BIO FARMA GELAR PENGOBATAN GRATIS DI JAWA BARAT","logger":"root"}
{"timestamp":"2025-05-12T02:47:54.969129","level":"info","event":"Scraping artikel 27/30 di halaman 1: EKOM: PLN DUKUNG PENGEMBANGAN LIGA VOLI DI INDONESIA","logger":"root"}
{"timestamp":"2025-05-12T02:47:54.996590","level":"info","event":"Artikel sudah ada di database: EKOM: PLN DUKUNG PENGEMBANGAN LIGA VOLI DI INDONESIA","logger":"root"}
{"timestamp":"2025-05-12T02:47:56.997302","level":"info","event":"Scraping artikel 28/30 di halaman 1: INEW: PASAR EROPA DIPERKIRAKAN DIBUKA NAIK JUMAT INI","logger":"root"}
{"timestamp":"2025-05-12T02:47:57.003946","level":"info","event":"Artikel sudah ada di database: INEW: PASAR EROPA DIPERKIRAKAN DIBUKA NAIK JUMAT INI","logger":"root"}
{"timestamp":"2025-05-12T02:47:59.004557","level":"info","event":"Scraping artikel 29/30 di halaman 1: COMD: ESDM : HARGA INDEKS PASAR BIODIESEL MEI TURUN JADI Rp13.742 PER LITER","logger":"root"}
{"timestamp":"2025-05-12T02:47:59.015394","level":"info","event":"Artikel sudah ada di database: COMD: ESDM : HARGA INDEKS PASAR BIODIESEL MEI TURUN JADI Rp13.742 PER LITER","logger":"root"}
{"timestamp":"2025-05-12T02:48:01.021701","level":"info","event":"Scraping artikel 30/30 di halaman 1: EKOM: BRANTAS ABIPRAYA KOMITMEN ATASI BANJIR DI KARAWANG DAN BEKASI","logger":"root"}
{"timestamp":"2025-05-12T02:48:01.031559","level":"info","event":"Artikel sudah ada di database: EKOM: BRANTAS ABIPRAYA KOMITMEN ATASI BANJIR DI KARAWANG DAN BEKASI","logger":"root"}
{"timestamp":"2025-05-12T02:48:03.447486","level":"info","event":"Selesai scraping halaman 1","logger":"root"}
{"timestamp":"2025-05-12T02:48:03.447628","level":"info","event":"Scraping halaman 2/5: http://www.iqplus.info/news/market_news/go-to-page,2.html","logger":"root"}
{"timestamp":"2025-05-12T02:48:07.434140","level":"warning","event":"Cache folder (/usr/sbin/.cache/selenium) cannot be created: Permission denied (os error 13)","logger":"selenium.webdriver.common.selenium_manager"}
{"timestamp":"2025-05-12T02:48:07.434336","level":"warning","event":"Cache folder (/usr/sbin/.cache/selenium) cannot be created: Permission denied (os error 13)","logger":"selenium.webdriver.common.selenium_manager"}
{"timestamp":"2025-05-12T02:48:07.434407","level":"warning","event":"Cache folder (/usr/sbin/.cache/selenium) cannot be created: Permission denied (os error 13)","logger":"selenium.webdriver.common.selenium_manager"}
{"timestamp":"2025-05-12T02:48:23.420003","level":"info","event":"Ditemukan 30 berita di halaman 2","logger":"root"}
{"timestamp":"2025-05-12T02:48:23.420440","level":"info","event":"Scraping artikel 1/30 di halaman 2: EKOM: ZULHAS SEBUT PERPRES TERKAIT MBG TERUS DIGODOK","logger":"root"}
{"timestamp":"2025-05-12T02:48:25.946720","level":"warning","event":"Cache folder (/usr/sbin/.cache/selenium) cannot be created: Permission denied (os error 13)","logger":"selenium.webdriver.common.selenium_manager"}
{"timestamp":"2025-05-12T02:48:25.946922","level":"warning","event":"Cache folder (/usr/sbin/.cache/selenium) cannot be created: Permission denied (os error 13)","logger":"selenium.webdriver.common.selenium_manager"}
{"timestamp":"2025-05-12T02:48:25.948254","level":"warning","event":"Cache folder (/usr/sbin/.cache/selenium) cannot be created: Permission denied (os error 13)","logger":"selenium.webdriver.common.selenium_manager"}
{"timestamp":"2025-05-12T02:48:57.237745","level":"info","event":"Artikel berhasil disimpan: EKOM: ZULHAS SEBUT PERPRES TERKAIT MBG TERUS DIGODOK","logger":"root"}
{"timestamp":"2025-05-12T02:48:59.239447","level":"info","event":"Scraping artikel 2/30 di halaman 2: EKOM: IHSG SESI I DITUTUP MENGUAT 17 POIN KE LEVEL 6.844","logger":"root"}
{"timestamp":"2025-05-12T02:49:04.664030","level":"warning","event":"Cache folder (/usr/sbin/.cache/selenium) cannot be created: Permission denied (os error 13)","logger":"selenium.webdriver.common.selenium_manager"}
{"timestamp":"2025-05-12T02:49:04.664331","level":"warning","event":"Cache folder (/usr/sbin/.cache/selenium) cannot be created: Permission denied (os error 13)","logger":"selenium.webdriver.common.selenium_manager"}
{"timestamp":"2025-05-12T02:49:04.664467","level":"warning","event":"Cache folder (/usr/sbin/.cache/selenium) cannot be created: Permission denied (os error 13)","logger":"selenium.webdriver.common.selenium_manager"}
{"timestamp":"2025-05-12T02:49:44.276108","level":"error","event":"Error saat scraping artikel http://www.iqplus.info/news/market_news/ekom-ihsg-sesi-i-ditutup-menguat-17-poin-ke-level-6-844,12846855.html: Message: timeout: Timed out receiving message from renderer: 25.407\n  (Session info: chrome=136.0.7103.92)\nStacktrace:\n#0 0x5619a81a678a <unknown>\n#1 0x5619a7c490a0 <unknown>\n#2 0x5619a7c30ea0 <unknown>\n#3 0x5619a7c30ba2 <unknown>\n#4 0x5619a7c2e9ef <unknown>\n#5 0x5619a7c2f31f <unknown>\n#6 0x5619a7c3df83 <unknown>\n#7 0x5619a7c575ee <unknown>\n#8 0x5619a7c5de1b <unknown>\n#9 0x5619a7c2fa30 <unknown>\n#10 0x5619a7c57347 <unknown>\n#11 0x5619a7ce65ba <unknown>\n#12 0x5619a7cc0173 <unknown>\n#13 0x5619a7c8cd4b <unknown>\n#14 0x5619a7c8d9b1 <unknown>\n#15 0x5619a816b93b <unknown>\n#16 0x5619a816f83a <unknown>\n#17 0x5619a8153692 <unknown>\n#18 0x5619a81703c4 <unknown>\n#19 0x5619a81384cf <unknown>\n#20 0x5619a8194568 <unknown>\n#21 0x5619a8194746 <unknown>\n#22 0x5619a81a55f6 <unknown>\n#23 0x7f94acb9d1f5 <unknown>\n","logger":"root"}
{"timestamp":"2025-05-12T02:49:54.629200","level":"error","event":"Error saat retry scraping artikel http://www.iqplus.info/news/market_news/ekom-ihsg-sesi-i-ditutup-menguat-17-poin-ke-level-6-844,12846855.html: HTTPConnectionPool(host='www.iqplus.info', port=80): Max retries exceeded with url: /news/market_news/ekom-ihsg-sesi-i-ditutup-menguat-17-poin-ke-level-6-844,12846855.html (Caused by NameResolutionError(\"<urllib3.connection.HTTPConnection object at 0x7f69ea363e60>: Failed to resolve 'www.iqplus.info' ([Errno -3] Temporary failure in name resolution)\"))","logger":"root"}
{"timestamp":"2025-05-12T02:50:32.739752","level":"warning","event":"Cache folder (/usr/sbin/.cache/selenium) cannot be created: Permission denied (os error 13)","logger":"selenium.webdriver.common.selenium_manager"}
{"timestamp":"2025-05-12T02:50:32.740199","level":"warning","event":"Cache folder (/usr/sbin/.cache/selenium) cannot be created: Permission denied (os error 13)","logger":"selenium.webdriver.common.selenium_manager"}
{"timestamp":"2025-05-12T02:50:32.740309","level":"warning","event":"Cache folder (/usr/sbin/.cache/selenium) cannot be created: Permission denied (os error 13)","logger":"selenium.webdriver.common.selenium_manager"}
{"timestamp":"2025-05-12T02:50:32.740943","level":"error","event":"Error saat membuat driver: Message: Unable to obtain driver for chrome; For documentation on this error, please visit: https://www.selenium.dev/documentation/webdriver/troubleshooting/errors/driver_location\n","logger":"root"}
{"timestamp":"2025-05-12T02:50:32.741275","level":"error","event":"Error fatal saat scraping artikel http://www.iqplus.info/news/market_news/ekom-ihsg-sesi-i-ditutup-menguat-17-poin-ke-level-6-844,12846855.html: Message: Unable to obtain driver for chrome; For documentation on this error, please visit: https://www.selenium.dev/documentation/webdriver/troubleshooting/errors/driver_location\n","logger":"root"}
{"timestamp":"2025-05-12T02:50:33.745742","level":"warning","event":"Konten artikel kosong: EKOM: IHSG SESI I DITUTUP MENGUAT 17 POIN KE LEVEL 6.844","logger":"root"}
{"timestamp":"2025-05-12T02:50:35.776649","level":"info","event":"Scraping artikel 3/30 di halaman 2: EKOM: MENDAG : NILAI TRANSAKSI UMKM BISA EKSPOR HINGGA APRIL Rp850 MILIAR","logger":"root"}
{"timestamp":"2025-05-12T02:50:42.416184","level":"warning","event":"Cache folder (/usr/sbin/.cache/selenium) cannot be created: Permission denied (os error 13)","logger":"selenium.webdriver.common.selenium_manager"}
{"timestamp":"2025-05-12T02:50:42.421398","level":"warning","event":"Cache folder (/usr/sbin/.cache/selenium) cannot be created: Permission denied (os error 13)","logger":"selenium.webdriver.common.selenium_manager"}
{"timestamp":"2025-05-12T02:50:42.421506","level":"warning","event":"Cache folder (/usr/sbin/.cache/selenium) cannot be created: Permission denied (os error 13)","logger":"selenium.webdriver.common.selenium_manager"}
{"timestamp":"2025-05-12T02:52:22.308226","level":"error","event":"Error saat membuat driver: Message: session not created\nfrom chrome not reachable\nStacktrace:\n#0 0x564966d9478a <unknown>\n#1 0x564966836ef3 <unknown>\n#2 0x5649668228d3 <unknown>\n#3 0x56496687672c <unknown>\n#4 0x56496687198c <unknown>\n#5 0x56496686cc0f <unknown>\n#6 0x5649668bcd75 <unknown>\n#7 0x5649668bc296 <unknown>\n#8 0x5649668ae173 <unknown>\n#9 0x56496687ad4b <unknown>\n#10 0x56496687b9b1 <unknown>\n#11 0x564966d5993b <unknown>\n#12 0x564966d5d83a <unknown>\n#13 0x564966d41692 <unknown>\n#14 0x564966d5e3c4 <unknown>\n#15 0x564966d264cf <unknown>\n#16 0x564966d82568 <unknown>\n#17 0x564966d82746 <unknown>\n#18 0x564966d935f6 <unknown>\n#19 0x7fdf0abfe1f5 <unknown>\n","logger":"root"}
{"timestamp":"2025-05-12T02:52:22.318582","level":"error","event":"Error fatal saat scraping artikel http://www.iqplus.info/news/market_news/ekom-mendag---nilai-transaksi-umkm-bisa-ekspor-hingga-april-rp850-miliar,12845891.html: Message: session not created\nfrom chrome not reachable\nStacktrace:\n#0 0x564966d9478a <unknown>\n#1 0x564966836ef3 <unknown>\n#2 0x5649668228d3 <unknown>\n#3 0x56496687672c <unknown>\n#4 0x56496687198c <unknown>\n#5 0x56496686cc0f <unknown>\n#6 0x5649668bcd75 <unknown>\n#7 0x5649668bc296 <unknown>\n#8 0x5649668ae173 <unknown>\n#9 0x56496687ad4b <unknown>\n#10 0x56496687b9b1 <unknown>\n#11 0x564966d5993b <unknown>\n#12 0x564966d5d83a <unknown>\n#13 0x564966d41692 <unknown>\n#14 0x564966d5e3c4 <unknown>\n#15 0x564966d264cf <unknown>\n#16 0x564966d82568 <unknown>\n#17 0x564966d82746 <unknown>\n#18 0x564966d935f6 <unknown>\n#19 0x7fdf0abfe1f5 <unknown>\n","logger":"root"}
{"timestamp":"2025-05-12T02:52:22.337071","level":"warning","event":"Konten artikel kosong: EKOM: MENDAG : NILAI TRANSAKSI UMKM BISA EKSPOR HINGGA APRIL Rp850 MILIAR","logger":"root"}
{"timestamp":"2025-05-12T02:52:24.338186","level":"info","event":"Scraping artikel 4/30 di halaman 2: INEW: NISSAN BATALKAN PEMBANGUNAN PABRIK BATERAI FUKUOKA","logger":"root"}
{"timestamp":"2025-05-12T02:52:28.062949","level":"warning","event":"Cache folder (/usr/sbin/.cache/selenium) cannot be created: Permission denied (os error 13)","logger":"selenium.webdriver.common.selenium_manager"}
{"timestamp":"2025-05-12T02:52:28.063145","level":"warning","event":"Cache folder (/usr/sbin/.cache/selenium) cannot be created: Permission denied (os error 13)","logger":"selenium.webdriver.common.selenium_manager"}
{"timestamp":"2025-05-12T02:52:28.063229","level":"warning","event":"Cache folder (/usr/sbin/.cache/selenium) cannot be created: Permission denied (os error 13)","logger":"selenium.webdriver.common.selenium_manager"}
{"timestamp":"2025-05-12T02:52:53.415022","level":"info","event":"Artikel berhasil disimpan: INEW: NISSAN BATALKAN PEMBANGUNAN PABRIK BATERAI FUKUOKA","logger":"root"}
{"timestamp":"2025-05-12T02:52:55.420130","level":"info","event":"Scraping artikel 5/30 di halaman 2: EKOM: MENTAN MINTA PERTANIAN JADI SEKTOR PENYERAP PEKERJA TERBESAR","logger":"root"}
{"timestamp":"2025-05-12T02:52:57.417879","level":"warning","event":"Cache folder (/usr/sbin/.cache/selenium) cannot be created: Permission denied (os error 13)","logger":"selenium.webdriver.common.selenium_manager"}
{"timestamp":"2025-05-12T02:52:57.418072","level":"warning","event":"Cache folder (/usr/sbin/.cache/selenium) cannot be created: Permission denied (os error 13)","logger":"selenium.webdriver.common.selenium_manager"}
{"timestamp":"2025-05-12T02:52:57.418171","level":"warning","event":"Cache folder (/usr/sbin/.cache/selenium) cannot be created: Permission denied (os error 13)","logger":"selenium.webdriver.common.selenium_manager"}
{"timestamp":"2025-05-12T02:53:16.243534","level":"info","event":"Artikel berhasil disimpan: EKOM: MENTAN MINTA PERTANIAN JADI SEKTOR PENYERAP PEKERJA TERBESAR","logger":"root"}
{"timestamp":"2025-05-12T02:53:18.248831","level":"info","event":"Scraping artikel 6/30 di halaman 2: EKOM: GUBERNUR DKI RESMIKAN PEMBANGUNAN TBM  UNTUK MRT DI HARMONI","logger":"root"}
{"timestamp":"2025-05-12T02:53:21.223656","level":"warning","event":"Cache folder (/usr/sbin/.cache/selenium) cannot be created: Permission denied (os error 13)","logger":"selenium.webdriver.common.selenium_manager"}
{"timestamp":"2025-05-12T02:53:21.223842","level":"warning","event":"Cache folder (/usr/sbin/.cache/selenium) cannot be created: Permission denied (os error 13)","logger":"selenium.webdriver.common.selenium_manager"}
{"timestamp":"2025-05-12T02:53:21.223910","level":"warning","event":"Cache folder (/usr/sbin/.cache/selenium) cannot be created: Permission denied (os error 13)","logger":"selenium.webdriver.common.selenium_manager"}
{"timestamp":"2025-05-12T02:53:45.865951","level":"info","event":"Artikel berhasil disimpan: EKOM: GUBERNUR DKI RESMIKAN PEMBANGUNAN TBM  UNTUK MRT DI HARMONI","logger":"root"}
{"timestamp":"2025-05-12T02:53:47.867054","level":"info","event":"Scraping artikel 7/30 di halaman 2: EKOM: OJK BERI IZIN USAHA PT PUTRA GADAI PERMATA INDONESIA","logger":"root"}
{"timestamp":"2025-05-12T02:53:50.518229","level":"warning","event":"Cache folder (/usr/sbin/.cache/selenium) cannot be created: Permission denied (os error 13)","logger":"selenium.webdriver.common.selenium_manager"}
{"timestamp":"2025-05-12T02:53:50.518455","level":"warning","event":"Cache folder (/usr/sbin/.cache/selenium) cannot be created: Permission denied (os error 13)","logger":"selenium.webdriver.common.selenium_manager"}
{"timestamp":"2025-05-12T02:53:50.518582","level":"warning","event":"Cache folder (/usr/sbin/.cache/selenium) cannot be created: Permission denied (os error 13)","logger":"selenium.webdriver.common.selenium_manager"}
{"timestamp":"2025-05-12T02:54:30.540812","level":"error","event":"Error saat scraping artikel http://www.iqplus.info/news/market_news/ekom-ojk-beri-izin-usaha-pt-putra-gadai-permata-indonesia,12839200.html: Message: timeout: Timed out receiving message from renderer: 24.022\n  (Session info: chrome=136.0.7103.92)\nStacktrace:\n#0 0x55d159bff78a <unknown>\n#1 0x55d1596a20a0 <unknown>\n#2 0x55d159689ea0 <unknown>\n#3 0x55d159689ba2 <unknown>\n#4 0x55d1596879ef <unknown>\n#5 0x55d15968831f <unknown>\n#6 0x55d159696f83 <unknown>\n#7 0x55d1596b05ee <unknown>\n#8 0x55d1596b6e1b <unknown>\n#9 0x55d159688a30 <unknown>\n#10 0x55d1596b0347 <unknown>\n#11 0x55d15973f5ba <unknown>\n#12 0x55d159719173 <unknown>\n#13 0x55d1596e5d4b <unknown>\n#14 0x55d1596e69b1 <unknown>\n#15 0x55d159bc493b <unknown>\n#16 0x55d159bc883a <unknown>\n#17 0x55d159bac692 <unknown>\n#18 0x55d159bc93c4 <unknown>\n#19 0x55d159b914cf <unknown>\n#20 0x55d159bed568 <unknown>\n#21 0x55d159bed746 <unknown>\n#22 0x55d159bfe5f6 <unknown>\n#23 0x7f8c6d0bc1f5 <unknown>\n","logger":"root"}
{"timestamp":"2025-05-12T02:54:34.371727","level":"info","event":"Artikel berhasil disimpan: EKOM: OJK BERI IZIN USAHA PT PUTRA GADAI PERMATA INDONESIA","logger":"root"}
{"timestamp":"2025-05-12T02:54:36.373112","level":"info","event":"Scraping artikel 8/30 di halaman 2: INEW: MESKI TOTAL EKSPOR NAIK, NAMUN PENGIRIMAN TIONGKOK KE AS ANJLOK","logger":"root"}
{"timestamp":"2025-05-12T02:54:38.414120","level":"warning","event":"Cache folder (/usr/sbin/.cache/selenium) cannot be created: Permission denied (os error 13)","logger":"selenium.webdriver.common.selenium_manager"}
{"timestamp":"2025-05-12T02:54:38.414255","level":"warning","event":"Cache folder (/usr/sbin/.cache/selenium) cannot be created: Permission denied (os error 13)","logger":"selenium.webdriver.common.selenium_manager"}
{"timestamp":"2025-05-12T02:54:38.414400","level":"warning","event":"Cache folder (/usr/sbin/.cache/selenium) cannot be created: Permission denied (os error 13)","logger":"selenium.webdriver.common.selenium_manager"}
{"timestamp":"2025-05-12T02:55:22.554150","level":"error","event":"Error saat scraping artikel http://www.iqplus.info/news/market_news/inew-meski-total-ekspor-naik--namun-pengiriman-tiongkok-ke-as-anjlok,12839049.html: Message: timeout: Timed out receiving message from renderer: 24.144\n  (Session info: chrome=136.0.7103.92)\nStacktrace:\n#0 0x55efbb10b78a <unknown>\n#1 0x55efbabae0a0 <unknown>\n#2 0x55efbab95ea0 <unknown>\n#3 0x55efbab95ba2 <unknown>\n#4 0x55efbab939ef <unknown>\n#5 0x55efbab9431f <unknown>\n#6 0x55efbaba2f83 <unknown>\n#7 0x55efbabbc5ee <unknown>\n#8 0x55efbabc2e1b <unknown>\n#9 0x55efbab94a30 <unknown>\n#10 0x55efbabbc347 <unknown>\n#11 0x55efbac4b5ba <unknown>\n#12 0x55efbac25173 <unknown>\n#13 0x55efbabf1d4b <unknown>\n#14 0x55efbabf29b1 <unknown>\n#15 0x55efbb0d093b <unknown>\n#16 0x55efbb0d483a <unknown>\n#17 0x55efbb0b8692 <unknown>\n#18 0x55efbb0d53c4 <unknown>\n#19 0x55efbb09d4cf <unknown>\n#20 0x55efbb0f9568 <unknown>\n#21 0x55efbb0f9746 <unknown>\n#22 0x55efbb10a5f6 <unknown>\n#23 0x7f6b19d5e1f5 <unknown>\n","logger":"root"}
{"timestamp":"2025-05-12T02:55:32.755052","level":"error","event":"Error saat retry scraping artikel http://www.iqplus.info/news/market_news/inew-meski-total-ekspor-naik--namun-pengiriman-tiongkok-ke-as-anjlok,12839049.html: HTTPConnectionPool(host='www.iqplus.info', port=80): Max retries exceeded with url: /news/market_news/inew-meski-total-ekspor-naik--namun-pengiriman-tiongkok-ke-as-anjlok,12839049.html (Caused by NameResolutionError(\"<urllib3.connection.HTTPConnection object at 0x7f69e9d813d0>: Failed to resolve 'www.iqplus.info' ([Errno -3] Temporary failure in name resolution)\"))","logger":"root"}
{"timestamp":"2025-05-12T02:56:15.877481","level":"warning","event":"Cache folder (/usr/sbin/.cache/selenium) cannot be created: Permission denied (os error 13)","logger":"selenium.webdriver.common.selenium_manager"}
{"timestamp":"2025-05-12T02:56:15.878780","level":"warning","event":"Cache folder (/usr/sbin/.cache/selenium) cannot be created: Permission denied (os error 13)","logger":"selenium.webdriver.common.selenium_manager"}
{"timestamp":"2025-05-12T02:56:15.878974","level":"warning","event":"Cache folder (/usr/sbin/.cache/selenium) cannot be created: Permission denied (os error 13)","logger":"selenium.webdriver.common.selenium_manager"}
{"timestamp":"2025-05-12T02:56:15.879091","level":"warning","event":"Error sending stats to Plausible: error sending request for url (https://plausible.io/api/event)","logger":"selenium.webdriver.common.selenium_manager"}
{"timestamp":"2025-05-12T02:56:58.648239","level":"error","event":"Error saat scraping artikel http://www.iqplus.info/news/market_news/inew-meski-total-ekspor-naik--namun-pengiriman-tiongkok-ke-as-anjlok,12839049.html: Message: timeout: Timed out receiving message from renderer: 24.891\n  (Session info: chrome=136.0.7103.92)\nStacktrace:\n#0 0x55a3dc71478a <unknown>\n#1 0x55a3dc1b70a0 <unknown>\n#2 0x55a3dc19eea0 <unknown>\n#3 0x55a3dc19eba2 <unknown>\n#4 0x55a3dc19c9ef <unknown>\n#5 0x55a3dc19d31f <unknown>\n#6 0x55a3dc1abf83 <unknown>\n#7 0x55a3dc1c55ee <unknown>\n#8 0x55a3dc1cbe1b <unknown>\n#9 0x55a3dc19da30 <unknown>\n#10 0x55a3dc1c5347 <unknown>\n#11 0x55a3dc2545ba <unknown>\n#12 0x55a3dc22e173 <unknown>\n#13 0x55a3dc1fad4b <unknown>\n#14 0x55a3dc1fb9b1 <unknown>\n#15 0x55a3dc6d993b <unknown>\n#16 0x55a3dc6dd83a <unknown>\n#17 0x55a3dc6c1692 <unknown>\n#18 0x55a3dc6de3c4 <unknown>\n#19 0x55a3dc6a64cf <unknown>\n#20 0x55a3dc702568 <unknown>\n#21 0x55a3dc702746 <unknown>\n#22 0x55a3dc7135f6 <unknown>\n#23 0x7f61c34f21f5 <unknown>\n","logger":"root"}
{"timestamp":"2025-05-12T02:57:04.912691","level":"info","event":"Artikel berhasil disimpan: INEW: MESKI TOTAL EKSPOR NAIK, NAMUN PENGIRIMAN TIONGKOK KE AS ANJLOK","logger":"root"}
{"timestamp":"2025-05-12T02:57:06.921008","level":"info","event":"Scraping artikel 9/30 di halaman 2: INEW: RUU STABLECOIN GAGAL LEWATI RINTANGAN UTAMA DI SENAT","logger":"root"}
{"timestamp":"2025-05-12T02:57:10.509123","level":"warning","event":"Cache folder (/usr/sbin/.cache/selenium) cannot be created: Permission denied (os error 13)","logger":"selenium.webdriver.common.selenium_manager"}
{"timestamp":"2025-05-12T02:57:10.509793","level":"warning","event":"Cache folder (/usr/sbin/.cache/selenium) cannot be created: Permission denied (os error 13)","logger":"selenium.webdriver.common.selenium_manager"}
{"timestamp":"2025-05-12T02:57:10.525162","level":"warning","event":"Cache folder (/usr/sbin/.cache/selenium) cannot be created: Permission denied (os error 13)","logger":"selenium.webdriver.common.selenium_manager"}
{"timestamp":"2025-05-12T02:57:32.066643","level":"info","event":"Artikel berhasil disimpan: INEW: RUU STABLECOIN GAGAL LEWATI RINTANGAN UTAMA DI SENAT","logger":"root"}
{"timestamp":"2025-05-12T02:57:34.067755","level":"info","event":"Scraping artikel 10/30 di halaman 2: COMD: HARGA MINYAK BERGERAK TIPIS JELANG PERTEMUAN AS-TIONGKOK","logger":"root"}
{"timestamp":"2025-05-12T02:57:36.940610","level":"warning","event":"Cache folder (/usr/sbin/.cache/selenium) cannot be created: Permission denied (os error 13)","logger":"selenium.webdriver.common.selenium_manager"}
{"timestamp":"2025-05-12T02:57:36.940804","level":"warning","event":"Cache folder (/usr/sbin/.cache/selenium) cannot be created: Permission denied (os error 13)","logger":"selenium.webdriver.common.selenium_manager"}
{"timestamp":"2025-05-12T02:57:36.940901","level":"warning","event":"Cache folder (/usr/sbin/.cache/selenium) cannot be created: Permission denied (os error 13)","logger":"selenium.webdriver.common.selenium_manager"}
{"timestamp":"2025-05-12T02:58:06.227333","level":"info","event":"Artikel berhasil disimpan: COMD: HARGA MINYAK BERGERAK TIPIS JELANG PERTEMUAN AS-TIONGKOK","logger":"root"}
{"timestamp":"2025-05-12T02:58:08.228530","level":"info","event":"Scraping artikel 11/30 di halaman 2: EKOM: SURVEI BI : KEYAKINAN KONSUMEN TETAP TERJAGA PADA APRIL 2025","logger":"root"}
{"timestamp":"2025-05-12T02:58:10.544986","level":"warning","event":"Cache folder (/usr/sbin/.cache/selenium) cannot be created: Permission denied (os error 13)","logger":"selenium.webdriver.common.selenium_manager"}
{"timestamp":"2025-05-12T02:58:10.548390","level":"warning","event":"Cache folder (/usr/sbin/.cache/selenium) cannot be created: Permission denied (os error 13)","logger":"selenium.webdriver.common.selenium_manager"}
{"timestamp":"2025-05-12T02:58:10.549754","level":"warning","event":"Cache folder (/usr/sbin/.cache/selenium) cannot be created: Permission denied (os error 13)","logger":"selenium.webdriver.common.selenium_manager"}
{"timestamp":"2025-05-12T02:59:02.700883","level":"info","event":"Artikel berhasil disimpan: EKOM: SURVEI BI : KEYAKINAN KONSUMEN TETAP TERJAGA PADA APRIL 2025","logger":"root"}
{"timestamp":"2025-05-12T02:59:04.707758","level":"info","event":"Scraping artikel 12/30 di halaman 2: EKOM: PRESIDENT JCCI LIHAT PELUANG TINGKATKAN INVESTASI JEPANG DI INDONESIA","logger":"root"}
{"timestamp":"2025-05-12T02:59:10.557746","level":"warning","event":"Cache folder (/usr/sbin/.cache/selenium) cannot be created: Permission denied (os error 13)","logger":"selenium.webdriver.common.selenium_manager"}
{"timestamp":"2025-05-12T02:59:10.561545","level":"warning","event":"Cache folder (/usr/sbin/.cache/selenium) cannot be created: Permission denied (os error 13)","logger":"selenium.webdriver.common.selenium_manager"}
{"timestamp":"2025-05-12T02:59:10.561780","level":"warning","event":"Cache folder (/usr/sbin/.cache/selenium) cannot be created: Permission denied (os error 13)","logger":"selenium.webdriver.common.selenium_manager"}
{"timestamp":"2025-05-12T02:59:51.903726","level":"error","event":"Error saat scraping artikel http://www.iqplus.info/news/market_news/ekom-president-jcci-lihat-peluang-tingkatkan-investasi-jepang-di-indonesia,12836067.html: Message: timeout: Timed out receiving message from renderer: 22.717\n  (Session info: chrome=136.0.7103.92)\nStacktrace:\n#0 0x5568259aa78a <unknown>\n#1 0x55682544d0a0 <unknown>\n#2 0x556825434ea0 <unknown>\n#3 0x556825434ba2 <unknown>\n#4 0x5568254329ef <unknown>\n#5 0x55682543331f <unknown>\n#6 0x556825441f83 <unknown>\n#7 0x55682545b5ee <unknown>\n#8 0x556825461e1b <unknown>\n#9 0x556825433a30 <unknown>\n#10 0x55682545b347 <unknown>\n#11 0x5568254ea5ba <unknown>\n#12 0x5568254c4173 <unknown>\n#13 0x556825490d4b <unknown>\n#14 0x5568254919b1 <unknown>\n#15 0x55682596f93b <unknown>\n#16 0x55682597383a <unknown>\n#17 0x556825957692 <unknown>\n#18 0x5568259743c4 <unknown>\n#19 0x55682593c4cf <unknown>\n#20 0x556825998568 <unknown>\n#21 0x556825998746 <unknown>\n#22 0x5568259a95f6 <unknown>\n#23 0x7fed5df4e1f5 <unknown>\n","logger":"root"}
{"timestamp":"2025-05-12T02:59:58.687286","level":"info","event":"Artikel berhasil disimpan: EKOM: PRESIDENT JCCI LIHAT PELUANG TINGKATKAN INVESTASI JEPANG DI INDONESIA","logger":"root"}
{"timestamp":"2025-05-12T03:00:00.694108","level":"info","event":"Scraping artikel 13/30 di halaman 2: INEW: EKSPOR JEPANG MELAMBAT DALAM 20 HARI PERTAMA","logger":"root"}
{"timestamp":"2025-05-12T03:00:04.448954","level":"warning","event":"Cache folder (/usr/sbin/.cache/selenium) cannot be created: Permission denied (os error 13)","logger":"selenium.webdriver.common.selenium_manager"}
{"timestamp":"2025-05-12T03:00:04.457854","level":"warning","event":"Cache folder (/usr/sbin/.cache/selenium) cannot be created: Permission denied (os error 13)","logger":"selenium.webdriver.common.selenium_manager"}
{"timestamp":"2025-05-12T03:00:04.458190","level":"warning","event":"Cache folder (/usr/sbin/.cache/selenium) cannot be created: Permission denied (os error 13)","logger":"selenium.webdriver.common.selenium_manager"}
{"timestamp":"2025-05-12T03:00:38.891569","level":"info","event":"Artikel berhasil disimpan: INEW: EKSPOR JEPANG MELAMBAT DALAM 20 HARI PERTAMA","logger":"root"}
{"timestamp":"2025-05-12T03:00:40.895273","level":"info","event":"Scraping artikel 14/30 di halaman 2: COMD: HARGA EMAS ALAMI PENGUATAN JUMAT INI","logger":"root"}
{"timestamp":"2025-05-12T03:00:43.572340","level":"warning","event":"Cache folder (/usr/sbin/.cache/selenium) cannot be created: Permission denied (os error 13)","logger":"selenium.webdriver.common.selenium_manager"}
{"timestamp":"2025-05-12T03:00:43.575465","level":"warning","event":"Cache folder (/usr/sbin/.cache/selenium) cannot be created: Permission denied (os error 13)","logger":"selenium.webdriver.common.selenium_manager"}
{"timestamp":"2025-05-12T03:00:43.606042","level":"warning","event":"Cache folder (/usr/sbin/.cache/selenium) cannot be created: Permission denied (os error 13)","logger":"selenium.webdriver.common.selenium_manager"}
{"timestamp":"2025-05-12T03:01:41.630782","level":"info","event":"Artikel berhasil disimpan: COMD: HARGA EMAS ALAMI PENGUATAN JUMAT INI","logger":"root"}
{"timestamp":"2025-05-12T03:01:43.636501","level":"info","event":"Scraping artikel 15/30 di halaman 2: EKOM: TRANSAKSI MISI DAGANG JATIM-KALTIM CAPAI Rp1,05 TRILIUN","logger":"root"}
{"timestamp":"2025-05-12T03:01:46.364626","level":"warning","event":"Cache folder (/usr/sbin/.cache/selenium) cannot be created: Permission denied (os error 13)","logger":"selenium.webdriver.common.selenium_manager"}
{"timestamp":"2025-05-12T03:01:46.364874","level":"warning","event":"Cache folder (/usr/sbin/.cache/selenium) cannot be created: Permission denied (os error 13)","logger":"selenium.webdriver.common.selenium_manager"}
{"timestamp":"2025-05-12T03:01:46.364981","level":"warning","event":"Cache folder (/usr/sbin/.cache/selenium) cannot be created: Permission denied (os error 13)","logger":"selenium.webdriver.common.selenium_manager"}
{"timestamp":"2025-05-12T03:02:30.040034","level":"error","event":"Error saat scraping artikel http://www.iqplus.info/news/market_news/ekom-transaksi-misi-dagang-jatim-kaltim-capai-rp1-05-triliun,12834606.html: Message: timeout: Timed out receiving message from renderer: 17.427\n  (Session info: chrome=136.0.7103.92)\nStacktrace:\n#0 0x564d0ce6378a <unknown>\n#1 0x564d0c9060a0 <unknown>\n#2 0x564d0c8edea0 <unknown>\n#3 0x564d0c8edba2 <unknown>\n#4 0x564d0c8eb9ef <unknown>\n#5 0x564d0c8ec31f <unknown>\n#6 0x564d0c8faf83 <unknown>\n#7 0x564d0c9145ee <unknown>\n#8 0x564d0c91ae1b <unknown>\n#9 0x564d0c8eca30 <unknown>\n#10 0x564d0c914347 <unknown>\n#11 0x564d0c9a35ba <unknown>\n#12 0x564d0c97d173 <unknown>\n#13 0x564d0c949d4b <unknown>\n#14 0x564d0c94a9b1 <unknown>\n#15 0x564d0ce2893b <unknown>\n#16 0x564d0ce2c83a <unknown>\n#17 0x564d0ce10692 <unknown>\n#18 0x564d0ce2d3c4 <unknown>\n#19 0x564d0cdf54cf <unknown>\n#20 0x564d0ce51568 <unknown>\n#21 0x564d0ce51746 <unknown>\n#22 0x564d0ce625f6 <unknown>\n#23 0x7fb7d71591f5 <unknown>\n","logger":"root"}
{"timestamp":"2025-05-12T03:04:58.675778","level":"info","event":"Artikel berhasil disimpan: EKOM: TRANSAKSI MISI DAGANG JATIM-KALTIM CAPAI Rp1,05 TRILIUN","logger":"root"}
{"timestamp":"2025-05-12T03:05:00.679922","level":"info","event":"Scraping artikel 16/30 di halaman 2: INEW: LABA Q1 OCBC BANK ALAMI PENURUNAN SEBESAR 5%","logger":"root"}
{"timestamp":"2025-05-12T03:05:04.645873","level":"warning","event":"Cache folder (/usr/sbin/.cache/selenium) cannot be created: Permission denied (os error 13)","logger":"selenium.webdriver.common.selenium_manager"}
{"timestamp":"2025-05-12T03:05:04.646643","level":"warning","event":"Cache folder (/usr/sbin/.cache/selenium) cannot be created: Permission denied (os error 13)","logger":"selenium.webdriver.common.selenium_manager"}
{"timestamp":"2025-05-12T03:05:04.646768","level":"warning","event":"Cache folder (/usr/sbin/.cache/selenium) cannot be created: Permission denied (os error 13)","logger":"selenium.webdriver.common.selenium_manager"}
{"timestamp":"2025-05-12T03:05:34.582846","level":"info","event":"Artikel berhasil disimpan: INEW: LABA Q1 OCBC BANK ALAMI PENURUNAN SEBESAR 5%","logger":"root"}
{"timestamp":"2025-05-12T03:05:36.583957","level":"info","event":"Scraping artikel 17/30 di halaman 2: EKOM: BULOG SERAP LEBIH DARI 2 JUTA TON BERAS  HINGGA AWAL MEI 2025","logger":"root"}
{"timestamp":"2025-05-12T03:05:39.710883","level":"warning","event":"Cache folder (/usr/sbin/.cache/selenium) cannot be created: Permission denied (os error 13)","logger":"selenium.webdriver.common.selenium_manager"}
{"timestamp":"2025-05-12T03:05:39.711053","level":"warning","event":"Cache folder (/usr/sbin/.cache/selenium) cannot be created: Permission denied (os error 13)","logger":"selenium.webdriver.common.selenium_manager"}
{"timestamp":"2025-05-12T03:05:39.711111","level":"warning","event":"Cache folder (/usr/sbin/.cache/selenium) cannot be created: Permission denied (os error 13)","logger":"selenium.webdriver.common.selenium_manager"}
{"timestamp":"2025-05-12T03:05:59.190466","level":"info","event":"Artikel berhasil disimpan: EKOM: BULOG SERAP LEBIH DARI 2 JUTA TON BERAS  HINGGA AWAL MEI 2025","logger":"root"}
{"timestamp":"2025-05-12T03:06:01.302748","level":"info","event":"Scraping artikel 18/30 di halaman 2: EKOM: SEKTOR PERBANKAN DOMINASI PENGADUAN KONSUMEN KE OJK","logger":"root"}
{"timestamp":"2025-05-12T03:06:04.392024","level":"warning","event":"Cache folder (/usr/sbin/.cache/selenium) cannot be created: Permission denied (os error 13)","logger":"selenium.webdriver.common.selenium_manager"}
{"timestamp":"2025-05-12T03:06:04.392212","level":"warning","event":"Cache folder (/usr/sbin/.cache/selenium) cannot be created: Permission denied (os error 13)","logger":"selenium.webdriver.common.selenium_manager"}
{"timestamp":"2025-05-12T03:06:04.392278","level":"warning","event":"Cache folder (/usr/sbin/.cache/selenium) cannot be created: Permission denied (os error 13)","logger":"selenium.webdriver.common.selenium_manager"}
{"timestamp":"2025-05-12T03:06:23.556359","level":"info","event":"Artikel berhasil disimpan: EKOM: SEKTOR PERBANKAN DOMINASI PENGADUAN KONSUMEN KE OJK","logger":"root"}
{"timestamp":"2025-05-12T03:06:25.556953","level":"info","event":"Scraping artikel 19/30 di halaman 2: EKOM: KEMENPERIN DORONG ANIMATOR JADI MITRA STRATEGIS PERTUMBUHAN EKONOMI","logger":"root"}
{"timestamp":"2025-05-12T03:06:28.810112","level":"warning","event":"Cache folder (/usr/sbin/.cache/selenium) cannot be created: Permission denied (os error 13)","logger":"selenium.webdriver.common.selenium_manager"}
{"timestamp":"2025-05-12T03:06:28.810493","level":"warning","event":"Cache folder (/usr/sbin/.cache/selenium) cannot be created: Permission denied (os error 13)","logger":"selenium.webdriver.common.selenium_manager"}
{"timestamp":"2025-05-12T03:06:28.814039","level":"warning","event":"Cache folder (/usr/sbin/.cache/selenium) cannot be created: Permission denied (os error 13)","logger":"selenium.webdriver.common.selenium_manager"}
