{"timestamp":"2025-05-12T04:10:20.726487","level":"info","event":"DAG bundles loaded: dags-folder, example_dags","logger":"airflow.dag_processing.bundles.manager.DagBundlesManager"}
{"timestamp":"2025-05-12T04:10:20.728412","level":"info","event":"Filling up the DagBag from /opt/airflow/dags/scraping_dag.py","logger":"airflow.models.dagbag.DagBag"}
{"timestamp":"2025-05-12T04:10:35.181502Z","level":"info","event":"Task instance is in running state","chan":"stdout","logger":"task"}
{"timestamp":"2025-05-12T04:10:35.188866Z","level":"info","event":" Previous state of the Task instance: queued","chan":"stdout","logger":"task"}
{"timestamp":"2025-05-12T04:10:35.189832Z","level":"info","event":"Current task name:scrape_market","chan":"stdout","logger":"task"}
{"timestamp":"2025-05-12T04:10:35.192110Z","level":"info","event":"Dag name:market_scraping","chan":"stdout","logger":"task"}
{"timestamp":"2025-05-12T04:10:21.690219","level":"info","event":"Secrets backends loaded for worker","count":1,"backend_classes":["EnvironmentVariablesBackend"],"logger":"supervisor"}
{"timestamp":"2025-05-12T04:10:35.232662","level":"info","event":"Connection Retrieved 'mongodb_conn'","logger":"airflow.hooks.base"}
{"timestamp":"2025-05-12T04:10:43.256283","level":"warning","event":"Cache folder (/usr/sbin/.cache/selenium) cannot be created: Permission denied (os error 13)","logger":"selenium.webdriver.common.selenium_manager"}
{"timestamp":"2025-05-12T04:10:43.267472","level":"warning","event":"Cache folder (/usr/sbin/.cache/selenium) cannot be created: Permission denied (os error 13)","logger":"selenium.webdriver.common.selenium_manager"}
{"timestamp":"2025-05-12T04:10:43.267633","level":"warning","event":"Cache folder (/usr/sbin/.cache/selenium) cannot be created: Permission denied (os error 13)","logger":"selenium.webdriver.common.selenium_manager"}
{"timestamp":"2025-05-12T04:10:43.267726","level":"warning","event":"Cache folder (/usr/sbin/.cache/selenium) cannot be created: Permission denied (os error 13)","logger":"selenium.webdriver.common.selenium_manager"}
{"timestamp":"2025-05-12T04:11:02.894326","level":"info","event":"Total halaman yang terdeteksi: 209","logger":"root"}
{"timestamp":"2025-05-12T04:11:03.252913","level":"info","event":"Scraping halaman 1/209: http://www.iqplus.info/news/market_news/go-to-page,1.html","logger":"root"}
{"timestamp":"2025-05-12T04:11:04.563791","level":"warning","event":"Cache folder (/usr/sbin/.cache/selenium) cannot be created: Permission denied (os error 13)","logger":"selenium.webdriver.common.selenium_manager"}
{"timestamp":"2025-05-12T04:11:04.563928","level":"warning","event":"Cache folder (/usr/sbin/.cache/selenium) cannot be created: Permission denied (os error 13)","logger":"selenium.webdriver.common.selenium_manager"}
{"timestamp":"2025-05-12T04:11:04.563985","level":"warning","event":"Cache folder (/usr/sbin/.cache/selenium) cannot be created: Permission denied (os error 13)","logger":"selenium.webdriver.common.selenium_manager"}
{"timestamp":"2025-05-12T04:11:41.135007","level":"info","event":"Ditemukan 30 berita di halaman 1","logger":"root"}
{"timestamp":"2025-05-12T04:11:41.136054","level":"info","event":"Scraping artikel 1/30 di halaman 1: EKOM: OJK CATAT 24 EMITEN BUYBACK SAHAM TANPA RUPS SENILAI Rp937,42 MILIAR","logger":"root"}
{"timestamp":"2025-05-12T04:11:41.435683","level":"info","event":"Artikel sudah ada di database: EKOM: OJK CATAT 24 EMITEN BUYBACK SAHAM TANPA RUPS SENILAI Rp937,42 MILIAR","logger":"root"}
{"timestamp":"2025-05-12T04:11:43.436545","level":"info","event":"Scraping artikel 2/30 di halaman 1: EKOM: KEMENPERIN PERCEPAT DEKARBONISASI INDUSTRI MENUJU TARGET NZE","logger":"root"}
{"timestamp":"2025-05-12T04:11:43.450783","level":"info","event":"Artikel sudah ada di database: EKOM: KEMENPERIN PERCEPAT DEKARBONISASI INDUSTRI MENUJU TARGET NZE","logger":"root"}
{"timestamp":"2025-05-12T04:11:45.453579","level":"info","event":"Scraping artikel 3/30 di halaman 1: EKOM: BIO FARMA DORONG KEMANDIRIAN NASIONAL DALAM PERANG MELAWAN TBC","logger":"root"}
{"timestamp":"2025-05-12T04:11:45.465952","level":"info","event":"Artikel sudah ada di database: EKOM: BIO FARMA DORONG KEMANDIRIAN NASIONAL DALAM PERANG MELAWAN TBC","logger":"root"}
{"timestamp":"2025-05-12T04:11:47.466839","level":"info","event":"Scraping artikel 4/30 di halaman 1: INEW: BANK ASING JUAL OBLIGASI INDIA AKIBAT KONFLIK","logger":"root"}
{"timestamp":"2025-05-12T04:11:47.478462","level":"info","event":"Artikel sudah ada di database: INEW: BANK ASING JUAL OBLIGASI INDIA AKIBAT KONFLIK","logger":"root"}
{"timestamp":"2025-05-12T04:11:49.479215","level":"info","event":"Scraping artikel 5/30 di halaman 1: EKOM: IHSG SESI II DITUTUP MENGUAT 5 POIN KE LEVEL 6.832","logger":"root"}
{"timestamp":"2025-05-12T04:11:49.487779","level":"info","event":"Artikel sudah ada di database: EKOM: IHSG SESI II DITUTUP MENGUAT 5 POIN KE LEVEL 6.832","logger":"root"}
{"timestamp":"2025-05-12T04:11:51.488486","level":"info","event":"Scraping artikel 6/30 di halaman 1: EKOM: BI PETAKAN DAN GALI INVESTASI POTENSIAL GENJOT EKONOMI DI BALI","logger":"root"}
{"timestamp":"2025-05-12T04:11:51.502284","level":"info","event":"Artikel sudah ada di database: EKOM: BI PETAKAN DAN GALI INVESTASI POTENSIAL GENJOT EKONOMI DI BALI","logger":"root"}
{"timestamp":"2025-05-12T04:11:53.502921","level":"info","event":"Scraping artikel 7/30 di halaman 1: EKOM: PERTAMINA SUKSES CETAK 40 PEMIMPIN PEREMPUAN","logger":"root"}
{"timestamp":"2025-05-12T04:11:53.510234","level":"info","event":"Artikel sudah ada di database: EKOM: PERTAMINA SUKSES CETAK 40 PEMIMPIN PEREMPUAN","logger":"root"}
{"timestamp":"2025-05-12T04:11:55.511864","level":"info","event":"Scraping artikel 8/30 di halaman 1: EKOM: ANGGOTA DPR DUKUNG PENINGKATAN PRODUKSI MIGAS NASIONAL","logger":"root"}
{"timestamp":"2025-05-12T04:11:55.525546","level":"info","event":"Artikel sudah ada di database: EKOM: ANGGOTA DPR DUKUNG PENINGKATAN PRODUKSI MIGAS NASIONAL","logger":"root"}
{"timestamp":"2025-05-12T04:11:57.527316","level":"info","event":"Scraping artikel 9/30 di halaman 1: EKOM: OJK: MODAL ASING KELUAR PASAR SAHAM RI RP50,72 TRILIUN HINGGA APRIL","logger":"root"}
{"timestamp":"2025-05-12T04:11:57.537717","level":"info","event":"Artikel sudah ada di database: EKOM: OJK: MODAL ASING KELUAR PASAR SAHAM RI RP50,72 TRILIUN HINGGA APRIL","logger":"root"}
{"timestamp":"2025-05-12T04:11:59.539187","level":"info","event":"Scraping artikel 10/30 di halaman 1: EKOM: MIND ID BERSINERGI DENGAN PERGURUAN TINGGI GUNA DORONG HILIRISASI","logger":"root"}
{"timestamp":"2025-05-12T04:11:59.548849","level":"info","event":"Artikel sudah ada di database: EKOM: MIND ID BERSINERGI DENGAN PERGURUAN TINGGI GUNA DORONG HILIRISASI","logger":"root"}
{"timestamp":"2025-05-12T04:12:01.549532","level":"info","event":"Scraping artikel 11/30 di halaman 1: INEW: INVESTOR TETAP OPTIMIS, IMBAL HASIL OBLIGASI AS BERGERAK","logger":"root"}
{"timestamp":"2025-05-12T04:12:01.590661","level":"info","event":"Artikel sudah ada di database: INEW: INVESTOR TETAP OPTIMIS, IMBAL HASIL OBLIGASI AS BERGERAK","logger":"root"}
{"timestamp":"2025-05-12T04:12:03.591987","level":"info","event":"Scraping artikel 12/30 di halaman 1: EKOM: INDONESIA BERENCANA KURANGI IMPOR BBM DARI SINGAPURA","logger":"root"}
{"timestamp":"2025-05-12T04:12:03.772563","level":"info","event":"Artikel sudah ada di database: EKOM: INDONESIA BERENCANA KURANGI IMPOR BBM DARI SINGAPURA","logger":"root"}
{"timestamp":"2025-05-12T04:12:05.774572","level":"info","event":"Scraping artikel 13/30 di halaman 1: EKOM: JELANG LIBUR WAISAK, ASDP IMBAU PENGGUNA JASA BELI TIKET ONLINE","logger":"root"}
{"timestamp":"2025-05-12T04:12:05.898834","level":"info","event":"Artikel sudah ada di database: EKOM: JELANG LIBUR WAISAK, ASDP IMBAU PENGGUNA JASA BELI TIKET ONLINE","logger":"root"}
{"timestamp":"2025-05-12T04:12:07.903785","level":"info","event":"Scraping artikel 14/30 di halaman 1: EKOM: MENTERI PU: SEKTOR INFRASTRUKTUR BERPERAN PENTING TURUNKAN NILAI ICOR","logger":"root"}
{"timestamp":"2025-05-12T04:12:14.889260","level":"info","event":"Artikel sudah ada di database: EKOM: MENTERI PU: SEKTOR INFRASTRUKTUR BERPERAN PENTING TURUNKAN NILAI ICOR","logger":"root"}
{"timestamp":"2025-05-12T04:12:16.899786","level":"info","event":"Scraping artikel 15/30 di halaman 1: EKOM: OJK: SEKTOR JASA KEUANGAN TERJAGA DI TENGAH TINGGINYA DINAMIKA EKONOMI","logger":"root"}
{"timestamp":"2025-05-12T04:12:34.460507","level":"info","event":"Artikel sudah ada di database: EKOM: OJK: SEKTOR JASA KEUANGAN TERJAGA DI TENGAH TINGGINYA DINAMIKA EKONOMI","logger":"root"}
{"timestamp":"2025-05-12T04:12:36.437955","level":"info","event":"Scraping artikel 16/30 di halaman 1: INEW: COMMERZBANK RAIH KENAIKAN LABA BERSIH 12% DI KUARTAL PERTAMA","logger":"root"}
{"timestamp":"2025-05-12T04:12:36.512456","level":"info","event":"Artikel sudah ada di database: INEW: COMMERZBANK RAIH KENAIKAN LABA BERSIH 12% DI KUARTAL PERTAMA","logger":"root"}
{"timestamp":"2025-05-12T04:12:38.514073","level":"info","event":"Scraping artikel 17/30 di halaman 1: EKOM: TINGKATKAN KUALITAS SDM, HIPMI SIAP KOLABORASI DENGAN DANANTARA","logger":"root"}
{"timestamp":"2025-05-12T04:12:40.450765","level":"info","event":"Artikel sudah ada di database: EKOM: TINGKATKAN KUALITAS SDM, HIPMI SIAP KOLABORASI DENGAN DANANTARA","logger":"root"}
{"timestamp":"2025-05-12T04:12:42.475758","level":"info","event":"Scraping artikel 18/30 di halaman 1: EKOM: AIRLANGGA SEBUT RI TERUS MENCIPTAKAN KLIM INVESTASI YANG KONDUSIF","logger":"root"}
{"timestamp":"2025-05-12T04:12:42.585839","level":"info","event":"Artikel sudah ada di database: EKOM: AIRLANGGA SEBUT RI TERUS MENCIPTAKAN KLIM INVESTASI YANG KONDUSIF","logger":"root"}
{"timestamp":"2025-05-12T04:12:44.587299","level":"info","event":"Scraping artikel 19/30 di halaman 1: INEW: BANK SENTRAL THAILAND : KETIDAKPASTIAN SANGAT TINGGI ATAS DAMPAK TARIF AS","logger":"root"}
{"timestamp":"2025-05-12T04:12:44.606761","level":"info","event":"Artikel sudah ada di database: INEW: BANK SENTRAL THAILAND : KETIDAKPASTIAN SANGAT TINGGI ATAS DAMPAK TARIF AS","logger":"root"}
{"timestamp":"2025-05-12T04:12:46.607668","level":"info","event":"Scraping artikel 20/30 di halaman 1: EKOM: GSMA: MASA DEPAN 5G ASIA ADA DI TANGAN INDONESIA","logger":"root"}
{"timestamp":"2025-05-12T04:12:46.618374","level":"info","event":"Artikel sudah ada di database: EKOM: GSMA: MASA DEPAN 5G ASIA ADA DI TANGAN INDONESIA","logger":"root"}
{"timestamp":"2025-05-12T04:12:48.618980","level":"info","event":"Scraping artikel 21/30 di halaman 1: EKOM: DPR SETUJUI PAGU ANGGARAN KEMENHUB 2025 JADI Rp26,29 TRILIUN","logger":"root"}
{"timestamp":"2025-05-12T04:12:48.628988","level":"info","event":"Artikel sudah ada di database: EKOM: DPR SETUJUI PAGU ANGGARAN KEMENHUB 2025 JADI Rp26,29 TRILIUN","logger":"root"}
{"timestamp":"2025-05-12T04:12:50.638090","level":"info","event":"Scraping artikel 22/30 di halaman 1: EKOM: SERAPAN TEMBUS 2.000.524 TON SETARA BERAS, STOK BULOG TEMBUS 3,6 JUTA TON","logger":"root"}
{"timestamp":"2025-05-12T04:12:50.644893","level":"info","event":"Artikel sudah ada di database: EKOM: SERAPAN TEMBUS 2.000.524 TON SETARA BERAS, STOK BULOG TEMBUS 3,6 JUTA TON","logger":"root"}
{"timestamp":"2025-05-12T04:12:52.645647","level":"info","event":"Scraping artikel 23/30 di halaman 1: EKOM: KAI TAMBAH LIMA KERETA DI DAOP 1 SAAT LIBUR WAISAK","logger":"root"}
{"timestamp":"2025-05-12T04:12:52.662668","level":"info","event":"Artikel sudah ada di database: EKOM: KAI TAMBAH LIMA KERETA DI DAOP 1 SAAT LIBUR WAISAK","logger":"root"}
{"timestamp":"2025-05-12T04:12:54.663365","level":"info","event":"Scraping artikel 24/30 di halaman 1: EKOM: DANANTARA DAN KADIN SALING MAJUKAN EKONOMI NEGARA","logger":"root"}
{"timestamp":"2025-05-12T04:12:54.680442","level":"info","event":"Artikel sudah ada di database: EKOM: DANANTARA DAN KADIN SALING MAJUKAN EKONOMI NEGARA","logger":"root"}
{"timestamp":"2025-05-12T04:12:56.683365","level":"info","event":"Scraping artikel 25/30 di halaman 1: INEW: NVDIA DIKABARKAN MODIFIKASI CHIP AI UNTUK PASAR CHINA","logger":"root"}
{"timestamp":"2025-05-12T04:12:56.966793","level":"info","event":"Artikel sudah ada di database: INEW: NVDIA DIKABARKAN MODIFIKASI CHIP AI UNTUK PASAR CHINA","logger":"root"}
{"timestamp":"2025-05-12T04:12:58.970529","level":"info","event":"Scraping artikel 26/30 di halaman 1: EKOM: BIO FARMA GELAR PENGOBATAN GRATIS DI JAWA BARAT","logger":"root"}
{"timestamp":"2025-05-12T04:12:58.988760","level":"info","event":"Artikel sudah ada di database: EKOM: BIO FARMA GELAR PENGOBATAN GRATIS DI JAWA BARAT","logger":"root"}
{"timestamp":"2025-05-12T04:13:00.989672","level":"info","event":"Scraping artikel 27/30 di halaman 1: EKOM: PLN DUKUNG PENGEMBANGAN LIGA VOLI DI INDONESIA","logger":"root"}
{"timestamp":"2025-05-12T04:13:01.469287","level":"info","event":"Artikel sudah ada di database: EKOM: PLN DUKUNG PENGEMBANGAN LIGA VOLI DI INDONESIA","logger":"root"}
{"timestamp":"2025-05-12T04:13:03.476475","level":"info","event":"Scraping artikel 28/30 di halaman 1: INEW: PASAR EROPA DIPERKIRAKAN DIBUKA NAIK JUMAT INI","logger":"root"}
{"timestamp":"2025-05-12T04:13:05.216288","level":"info","event":"Artikel sudah ada di database: INEW: PASAR EROPA DIPERKIRAKAN DIBUKA NAIK JUMAT INI","logger":"root"}
{"timestamp":"2025-05-12T04:13:07.358595","level":"info","event":"Scraping artikel 29/30 di halaman 1: COMD: ESDM : HARGA INDEKS PASAR BIODIESEL MEI TURUN JADI Rp13.742 PER LITER","logger":"root"}
{"timestamp":"2025-05-12T04:13:07.493794","level":"info","event":"Artikel sudah ada di database: COMD: ESDM : HARGA INDEKS PASAR BIODIESEL MEI TURUN JADI Rp13.742 PER LITER","logger":"root"}
{"timestamp":"2025-05-12T04:13:09.495152","level":"info","event":"Scraping artikel 30/30 di halaman 1: EKOM: BRANTAS ABIPRAYA KOMITMEN ATASI BANJIR DI KARAWANG DAN BEKASI","logger":"root"}
{"timestamp":"2025-05-12T04:13:09.517495","level":"info","event":"Artikel sudah ada di database: EKOM: BRANTAS ABIPRAYA KOMITMEN ATASI BANJIR DI KARAWANG DAN BEKASI","logger":"root"}
{"timestamp":"2025-05-12T04:13:11.716346","level":"info","event":"Selesai scraping halaman 1","logger":"root"}
{"timestamp":"2025-05-12T04:13:11.716539","level":"info","event":"Scraping halaman 2/209: http://www.iqplus.info/news/market_news/go-to-page,2.html","logger":"root"}
{"timestamp":"2025-05-12T04:13:14.627206","level":"warning","event":"Cache folder (/usr/sbin/.cache/selenium) cannot be created: Permission denied (os error 13)","logger":"selenium.webdriver.common.selenium_manager"}
{"timestamp":"2025-05-12T04:13:14.627475","level":"warning","event":"Cache folder (/usr/sbin/.cache/selenium) cannot be created: Permission denied (os error 13)","logger":"selenium.webdriver.common.selenium_manager"}
{"timestamp":"2025-05-12T04:13:14.627560","level":"warning","event":"Cache folder (/usr/sbin/.cache/selenium) cannot be created: Permission denied (os error 13)","logger":"selenium.webdriver.common.selenium_manager"}
{"timestamp":"2025-05-12T04:13:49.294069","level":"error","event":"Error fatal saat scraping halaman 2: Message: timeout: Timed out receiving message from renderer: 23.738\n  (Session info: chrome=136.0.7103.92)\nStacktrace:\n#0 0x557323a2778a <unknown>\n#1 0x5573234ca0a0 <unknown>\n#2 0x5573234b1ea0 <unknown>\n#3 0x5573234b1ba2 <unknown>\n#4 0x5573234af9ef <unknown>\n#5 0x5573234b031f <unknown>\n#6 0x5573234bef83 <unknown>\n#7 0x5573234d85ee <unknown>\n#8 0x5573234dee1b <unknown>\n#9 0x5573234b0a30 <unknown>\n#10 0x5573234d8347 <unknown>\n#11 0x5573235675ba <unknown>\n#12 0x557323541173 <unknown>\n#13 0x55732350dd4b <unknown>\n#14 0x55732350e9b1 <unknown>\n#15 0x5573239ec93b <unknown>\n#16 0x5573239f083a <unknown>\n#17 0x5573239d4692 <unknown>\n#18 0x5573239f13c4 <unknown>\n#19 0x5573239b94cf <unknown>\n#20 0x557323a15568 <unknown>\n#21 0x557323a15746 <unknown>\n#22 0x557323a265f6 <unknown>\n#23 0x7f92fbd2d1f5 <unknown>\n","logger":"root"}
{"timestamp":"2025-05-12T04:13:49.299296","level":"info","event":"Selesai scraping halaman 2","logger":"root"}
{"timestamp":"2025-05-12T04:13:49.299499","level":"info","event":"Scraping halaman 3/209: http://www.iqplus.info/news/market_news/go-to-page,3.html","logger":"root"}
{"timestamp":"2025-05-12T04:13:54.361344","level":"warning","event":"Cache folder (/usr/sbin/.cache/selenium) cannot be created: Permission denied (os error 13)","logger":"selenium.webdriver.common.selenium_manager"}
{"timestamp":"2025-05-12T04:13:54.361834","level":"warning","event":"Cache folder (/usr/sbin/.cache/selenium) cannot be created: Permission denied (os error 13)","logger":"selenium.webdriver.common.selenium_manager"}
{"timestamp":"2025-05-12T04:13:54.362016","level":"warning","event":"Cache folder (/usr/sbin/.cache/selenium) cannot be created: Permission denied (os error 13)","logger":"selenium.webdriver.common.selenium_manager"}
{"timestamp":"2025-05-12T04:14:34.637482","level":"error","event":"Error fatal saat scraping halaman 3: Message: timeout: Timed out receiving message from renderer: 24.052\n  (Session info: chrome=136.0.7103.92)\nStacktrace:\n#0 0x557f9de7978a <unknown>\n#1 0x557f9d91c0a0 <unknown>\n#2 0x557f9d903ea0 <unknown>\n#3 0x557f9d903ba2 <unknown>\n#4 0x557f9d9019ef <unknown>\n#5 0x557f9d90231f <unknown>\n#6 0x557f9d910f83 <unknown>\n#7 0x557f9d92a5ee <unknown>\n#8 0x557f9d930e1b <unknown>\n#9 0x557f9d902a30 <unknown>\n#10 0x557f9d92a347 <unknown>\n#11 0x557f9d9b95ba <unknown>\n#12 0x557f9d993173 <unknown>\n#13 0x557f9d95fd4b <unknown>\n#14 0x557f9d9609b1 <unknown>\n#15 0x557f9de3e93b <unknown>\n#16 0x557f9de4283a <unknown>\n#17 0x557f9de26692 <unknown>\n#18 0x557f9de433c4 <unknown>\n#19 0x557f9de0b4cf <unknown>\n#20 0x557f9de67568 <unknown>\n#21 0x557f9de67746 <unknown>\n#22 0x557f9de785f6 <unknown>\n#23 0x7f63ab5fc1f5 <unknown>\n","logger":"root"}
{"timestamp":"2025-05-12T04:14:34.639310","level":"info","event":"Selesai scraping halaman 3","logger":"root"}
{"timestamp":"2025-05-12T04:14:34.640399","level":"info","event":"Scraping halaman 4/209: http://www.iqplus.info/news/market_news/go-to-page,4.html","logger":"root"}
{"timestamp":"2025-05-12T04:14:37.254008","level":"warning","event":"Cache folder (/usr/sbin/.cache/selenium) cannot be created: Permission denied (os error 13)","logger":"selenium.webdriver.common.selenium_manager"}
{"timestamp":"2025-05-12T04:14:37.254281","level":"warning","event":"Cache folder (/usr/sbin/.cache/selenium) cannot be created: Permission denied (os error 13)","logger":"selenium.webdriver.common.selenium_manager"}
{"timestamp":"2025-05-12T04:14:37.254403","level":"warning","event":"Cache folder (/usr/sbin/.cache/selenium) cannot be created: Permission denied (os error 13)","logger":"selenium.webdriver.common.selenium_manager"}
{"timestamp":"2025-05-12T04:16:13.640949","level":"error","event":"Error fatal saat scraping halaman 4: Message: timeout: Timed out receiving message from renderer: -11.940\n  (Session info: chrome=136.0.7103.92)\nStacktrace:\n#0 0x55eca8ec678a <unknown>\n#1 0x55eca89690a0 <unknown>\n#2 0x55eca8950ea0 <unknown>\n#3 0x55eca8950ba2 <unknown>\n#4 0x55eca894e9ef <unknown>\n#5 0x55eca894f31f <unknown>\n#6 0x55eca895df83 <unknown>\n#7 0x55eca89775ee <unknown>\n#8 0x55eca897de1b <unknown>\n#9 0x55eca894fa30 <unknown>\n#10 0x55eca8977347 <unknown>\n#11 0x55eca8a0617a <unknown>\n#12 0x55eca89e0173 <unknown>\n#13 0x55eca89acd4b <unknown>\n#14 0x55eca89ad9b1 <unknown>\n#15 0x55eca8e8b93b <unknown>\n#16 0x55eca8e8f83a <unknown>\n#17 0x55eca8e73692 <unknown>\n#18 0x55eca8e903c4 <unknown>\n#19 0x55eca8e584cf <unknown>\n#20 0x55eca8eb4568 <unknown>\n#21 0x55eca8eb4746 <unknown>\n#22 0x55eca8ec55f6 <unknown>\n#23 0x7fa9731f41f5 <unknown>\n","logger":"root"}
{"timestamp":"2025-05-12T04:16:13.641241","level":"info","event":"Selesai scraping halaman 4","logger":"root"}
{"timestamp":"2025-05-12T04:16:13.641331","level":"info","event":"Scraping halaman 5/209: http://www.iqplus.info/news/market_news/go-to-page,5.html","logger":"root"}
{"timestamp":"2025-05-12T04:16:18.774684","level":"warning","event":"Cache folder (/usr/sbin/.cache/selenium) cannot be created: Permission denied (os error 13)","logger":"selenium.webdriver.common.selenium_manager"}
{"timestamp":"2025-05-12T04:16:18.774881","level":"warning","event":"Cache folder (/usr/sbin/.cache/selenium) cannot be created: Permission denied (os error 13)","logger":"selenium.webdriver.common.selenium_manager"}
{"timestamp":"2025-05-12T04:16:18.774944","level":"warning","event":"Cache folder (/usr/sbin/.cache/selenium) cannot be created: Permission denied (os error 13)","logger":"selenium.webdriver.common.selenium_manager"}
{"timestamp":"2025-05-12T04:16:59.337319","level":"info","event":"Ditemukan 30 berita di halaman 5","logger":"root"}
{"timestamp":"2025-05-12T04:16:59.337891","level":"info","event":"Scraping artikel 1/30 di halaman 5: EKOM: KEMENDAG OPTIMISTIS SEKTOR RITEL TETAP TUMBUH POSITIF","logger":"root"}
{"timestamp":"2025-05-12T04:17:03.799063","level":"warning","event":"Cache folder (/usr/sbin/.cache/selenium) cannot be created: Permission denied (os error 13)","logger":"selenium.webdriver.common.selenium_manager"}
{"timestamp":"2025-05-12T04:17:03.799260","level":"warning","event":"Cache folder (/usr/sbin/.cache/selenium) cannot be created: Permission denied (os error 13)","logger":"selenium.webdriver.common.selenium_manager"}
{"timestamp":"2025-05-12T04:17:03.799366","level":"warning","event":"Cache folder (/usr/sbin/.cache/selenium) cannot be created: Permission denied (os error 13)","logger":"selenium.webdriver.common.selenium_manager"}
{"timestamp":"2025-05-12T04:17:52.731727","level":"info","event":"Artikel berhasil disimpan: EKOM: KEMENDAG OPTIMISTIS SEKTOR RITEL TETAP TUMBUH POSITIF","logger":"root"}
{"timestamp":"2025-05-12T04:17:54.751513","level":"info","event":"Scraping artikel 2/30 di halaman 5: EKOM: IHSG SESI II DITUTUP MENGUAT 28 POIN KE LEVEL 6.926","logger":"root"}
{"timestamp":"2025-05-12T04:17:59.982739","level":"warning","event":"Cache folder (/usr/sbin/.cache/selenium) cannot be created: Permission denied (os error 13)","logger":"selenium.webdriver.common.selenium_manager"}
{"timestamp":"2025-05-12T04:17:59.988802","level":"warning","event":"Cache folder (/usr/sbin/.cache/selenium) cannot be created: Permission denied (os error 13)","logger":"selenium.webdriver.common.selenium_manager"}
{"timestamp":"2025-05-12T04:17:59.988988","level":"warning","event":"Cache folder (/usr/sbin/.cache/selenium) cannot be created: Permission denied (os error 13)","logger":"selenium.webdriver.common.selenium_manager"}
{"timestamp":"2025-05-12T04:19:09.388488","level":"error","event":"Error saat scraping artikel http://www.iqplus.info/news/market_news/ekom-ihsg-sesi-ii-ditutup-menguat-28-poin-ke-level-6-926,12658633.html: Message: timeout: Timed out receiving message from renderer: 19.983\n  (Session info: chrome=136.0.7103.92)\nStacktrace:\n#0 0x556b06bad78a <unknown>\n#1 0x556b066500a0 <unknown>\n#2 0x556b06637ea0 <unknown>\n#3 0x556b06637ba2 <unknown>\n#4 0x556b066359ef <unknown>\n#5 0x556b0663631f <unknown>\n#6 0x556b06644f83 <unknown>\n#7 0x556b0665e5ee <unknown>\n#8 0x556b06664e1b <unknown>\n#9 0x556b06636a30 <unknown>\n#10 0x556b0665e347 <unknown>\n#11 0x556b066ed5ba <unknown>\n#12 0x556b066c7173 <unknown>\n#13 0x556b06693d4b <unknown>\n#14 0x556b066949b1 <unknown>\n#15 0x556b06b7293b <unknown>\n#16 0x556b06b7683a <unknown>\n#17 0x556b06b5a692 <unknown>\n#18 0x556b06b773c4 <unknown>\n#19 0x556b06b3f4cf <unknown>\n#20 0x556b06b9b568 <unknown>\n#21 0x556b06b9b746 <unknown>\n#22 0x556b06bac5f6 <unknown>\n#23 0x7efdcfbe41f5 <unknown>\n","logger":"root"}
{"timestamp":"2025-05-12T04:19:23.843551","level":"error","event":"Error saat retry scraping artikel http://www.iqplus.info/news/market_news/ekom-ihsg-sesi-ii-ditutup-menguat-28-poin-ke-level-6-926,12658633.html: HTTPConnectionPool(host='www.iqplus.info', port=80): Max retries exceeded with url: /news/market_news/ekom-ihsg-sesi-ii-ditutup-menguat-28-poin-ke-level-6-926,12658633.html (Caused by NameResolutionError(\"<urllib3.connection.HTTPConnection object at 0x7f4fc0c418b0>: Failed to resolve 'www.iqplus.info' ([Errno -3] Temporary failure in name resolution)\"))","logger":"root"}
{"timestamp":"2025-05-12T04:20:57.340554","level":"warning","event":"Cache folder (/usr/sbin/.cache/selenium) cannot be created: Permission denied (os error 13)","logger":"selenium.webdriver.common.selenium_manager"}
{"timestamp":"2025-05-12T04:20:57.351895","level":"warning","event":"Cache folder (/usr/sbin/.cache/selenium) cannot be created: Permission denied (os error 13)","logger":"selenium.webdriver.common.selenium_manager"}
{"timestamp":"2025-05-12T04:20:57.352100","level":"warning","event":"Cache folder (/usr/sbin/.cache/selenium) cannot be created: Permission denied (os error 13)","logger":"selenium.webdriver.common.selenium_manager"}
{"timestamp":"2025-05-12T04:21:33.698382","level":"info","event":"Artikel berhasil disimpan: EKOM: IHSG SESI II DITUTUP MENGUAT 28 POIN KE LEVEL 6.926","logger":"root"}
{"timestamp":"2025-05-12T04:21:35.701063","level":"info","event":"Scraping artikel 3/30 di halaman 5: EKOM: ESDM TARGETKAN PLTP MUARA LABOH UNIT II DI SUMBAR SELESAI 2027","logger":"root"}
{"timestamp":"2025-05-12T04:21:40.013919","level":"warning","event":"Cache folder (/usr/sbin/.cache/selenium) cannot be created: Permission denied (os error 13)","logger":"selenium.webdriver.common.selenium_manager"}
{"timestamp":"2025-05-12T04:21:40.014089","level":"warning","event":"Cache folder (/usr/sbin/.cache/selenium) cannot be created: Permission denied (os error 13)","logger":"selenium.webdriver.common.selenium_manager"}
{"timestamp":"2025-05-12T04:21:40.014166","level":"warning","event":"Cache folder (/usr/sbin/.cache/selenium) cannot be created: Permission denied (os error 13)","logger":"selenium.webdriver.common.selenium_manager"}
{"timestamp":"2025-05-12T04:22:03.729536","level":"info","event":"Artikel berhasil disimpan: EKOM: ESDM TARGETKAN PLTP MUARA LABOH UNIT II DI SUMBAR SELESAI 2027","logger":"root"}
{"timestamp":"2025-05-12T04:22:05.730192","level":"info","event":"Scraping artikel 4/30 di halaman 5: INEW: SIA DAN SCOOT MASUK MASKAPAI YANG UBAH RUTE KARENA KONFLIK INDIA-PAKISTAN","logger":"root"}
{"timestamp":"2025-05-12T04:22:08.971717","level":"warning","event":"Cache folder (/usr/sbin/.cache/selenium) cannot be created: Permission denied (os error 13)","logger":"selenium.webdriver.common.selenium_manager"}
{"timestamp":"2025-05-12T04:22:08.972484","level":"warning","event":"Cache folder (/usr/sbin/.cache/selenium) cannot be created: Permission denied (os error 13)","logger":"selenium.webdriver.common.selenium_manager"}
{"timestamp":"2025-05-12T04:22:08.972583","level":"warning","event":"Cache folder (/usr/sbin/.cache/selenium) cannot be created: Permission denied (os error 13)","logger":"selenium.webdriver.common.selenium_manager"}
{"timestamp":"2025-05-12T04:22:34.219937","level":"info","event":"Artikel berhasil disimpan: INEW: SIA DAN SCOOT MASUK MASKAPAI YANG UBAH RUTE KARENA KONFLIK INDIA-PAKISTAN","logger":"root"}
{"timestamp":"2025-05-12T04:22:36.227979","level":"info","event":"Scraping artikel 5/30 di halaman 5: EKOM: KEMENDAG EVALUASI REGULASI TERKAIT BANYAKNYA PENUTUPAN TOKO RITEL","logger":"root"}
{"timestamp":"2025-05-12T04:22:39.158346","level":"warning","event":"Cache folder (/usr/sbin/.cache/selenium) cannot be created: Permission denied (os error 13)","logger":"selenium.webdriver.common.selenium_manager"}
{"timestamp":"2025-05-12T04:22:39.158545","level":"warning","event":"Cache folder (/usr/sbin/.cache/selenium) cannot be created: Permission denied (os error 13)","logger":"selenium.webdriver.common.selenium_manager"}
{"timestamp":"2025-05-12T04:22:39.158643","level":"warning","event":"Cache folder (/usr/sbin/.cache/selenium) cannot be created: Permission denied (os error 13)","logger":"selenium.webdriver.common.selenium_manager"}
