{"timestamp":"2025-05-12T07:03:45.388630","level":"info","event":"DAG bundles loaded: dags-folder, example_dags","logger":"airflow.dag_processing.bundles.manager.DagBundlesManager"}
{"timestamp":"2025-05-12T07:03:45.520634","level":"info","event":"Filling up the DagBag from /opt/airflow/dags/scraping_dag.py","logger":"airflow.models.dagbag.DagBag"}
{"timestamp":"2025-05-12T07:03:52.374351Z","level":"info","event":"Task instance is in running state","chan":"stdout","logger":"task"}
{"timestamp":"2025-05-12T07:03:52.376703Z","level":"info","event":" Previous state of the Task instance: queued","chan":"stdout","logger":"task"}
{"timestamp":"2025-05-12T07:03:52.377145Z","level":"info","event":"Current task name:scrape_market","chan":"stdout","logger":"task"}
{"timestamp":"2025-05-12T07:03:52.377409Z","level":"info","event":"Dag name:market_scraping","chan":"stdout","logger":"task"}
{"timestamp":"2025-05-12T07:03:47.494099","level":"info","event":"Secrets backends loaded for worker","count":1,"backend_classes":["EnvironmentVariablesBackend"],"logger":"supervisor"}
{"timestamp":"2025-05-12T07:03:52.377983","level":"info","event":"Connection Retrieved 'mongodb_conn'","logger":"airflow.hooks.base"}
{"timestamp":"2025-05-12T07:04:05.923236","level":"warning","event":"Cache folder (/usr/sbin/.cache/selenium) cannot be created: Permission denied (os error 13)","logger":"selenium.webdriver.common.selenium_manager"}
{"timestamp":"2025-05-12T07:04:05.923532","level":"warning","event":"Cache folder (/usr/sbin/.cache/selenium) cannot be created: Permission denied (os error 13)","logger":"selenium.webdriver.common.selenium_manager"}
{"timestamp":"2025-05-12T07:04:05.923633","level":"warning","event":"Cache folder (/usr/sbin/.cache/selenium) cannot be created: Permission denied (os error 13)","logger":"selenium.webdriver.common.selenium_manager"}
{"timestamp":"2025-05-12T07:04:05.923690","level":"warning","event":"Cache folder (/usr/sbin/.cache/selenium) cannot be created: Permission denied (os error 13)","logger":"selenium.webdriver.common.selenium_manager"}
{"timestamp":"2025-05-12T07:04:54.180102","level":"error","event":"Error fatal saat mendapatkan jumlah halaman: Message: timeout: Timed out receiving message from renderer: 0.940\n  (Session info: chrome=136.0.7103.92)\nStacktrace:\n#0 0x55c75456478a <unknown>\n#1 0x55c7540070a0 <unknown>\n#2 0x55c753feeea0 <unknown>\n#3 0x55c753feeba2 <unknown>\n#4 0x55c753fec9ef <unknown>\n#5 0x55c753fed31f <unknown>\n#6 0x55c753ffbf83 <unknown>\n#7 0x55c7540155ee <unknown>\n#8 0x55c75401be1b <unknown>\n#9 0x55c753feda30 <unknown>\n#10 0x55c754015347 <unknown>\n#11 0x55c7540a45ba <unknown>\n#12 0x55c75407e173 <unknown>\n#13 0x55c75404ad4b <unknown>\n#14 0x55c75404b9b1 <unknown>\n#15 0x55c75452993b <unknown>\n#16 0x55c75452d83a <unknown>\n#17 0x55c754511692 <unknown>\n#18 0x55c75452e3c4 <unknown>\n#19 0x55c7544f64cf <unknown>\n#20 0x55c754552568 <unknown>\n#21 0x55c754552746 <unknown>\n#22 0x55c7545635f6 <unknown>\n#23 0x7fd6498b61f5 <unknown>\n","logger":"root"}
{"timestamp":"2025-05-12T07:04:54.191978","level":"info","event":"Total halaman yang terdeteksi: 5","logger":"root"}
{"timestamp":"2025-05-12T07:04:54.685682","level":"info","event":"Scraping halaman 1/5: http://www.iqplus.info/news/market_news/go-to-page,1.html","logger":"root"}
{"timestamp":"2025-05-12T07:04:58.475105","level":"warning","event":"Cache folder (/usr/sbin/.cache/selenium) cannot be created: Permission denied (os error 13)","logger":"selenium.webdriver.common.selenium_manager"}
{"timestamp":"2025-05-12T07:04:58.478723","level":"warning","event":"Cache folder (/usr/sbin/.cache/selenium) cannot be created: Permission denied (os error 13)","logger":"selenium.webdriver.common.selenium_manager"}
{"timestamp":"2025-05-12T07:04:58.478907","level":"warning","event":"Cache folder (/usr/sbin/.cache/selenium) cannot be created: Permission denied (os error 13)","logger":"selenium.webdriver.common.selenium_manager"}
{"timestamp":"2025-05-12T07:06:17.861311","level":"error","event":"Error saat membuat driver: Message: session not created: DevToolsActivePort file doesn't exist\nStacktrace:\n#0 0x555f2ae2278a <unknown>\n#1 0x555f2a8c50a0 <unknown>\n#2 0x555f2a904218 <unknown>\n#3 0x555f2a8ffbb0 <unknown>\n#4 0x555f2a8fac0f <unknown>\n#5 0x555f2a94ad75 <unknown>\n#6 0x555f2a94a296 <unknown>\n#7 0x555f2a93c173 <unknown>\n#8 0x555f2a908d4b <unknown>\n#9 0x555f2a9099b1 <unknown>\n#10 0x555f2ade793b <unknown>\n#11 0x555f2adeb83a <unknown>\n#12 0x555f2adcf692 <unknown>\n#13 0x555f2adec3c4 <unknown>\n#14 0x555f2adb44cf <unknown>\n#15 0x555f2ae10568 <unknown>\n#16 0x555f2ae10746 <unknown>\n#17 0x555f2ae215f6 <unknown>\n#18 0x7f74839bb1f5 <unknown>\n","logger":"root"}
{"timestamp":"2025-05-12T07:06:17.861457","level":"error","event":"Error fatal saat scraping halaman 1: Message: session not created: DevToolsActivePort file doesn't exist\nStacktrace:\n#0 0x555f2ae2278a <unknown>\n#1 0x555f2a8c50a0 <unknown>\n#2 0x555f2a904218 <unknown>\n#3 0x555f2a8ffbb0 <unknown>\n#4 0x555f2a8fac0f <unknown>\n#5 0x555f2a94ad75 <unknown>\n#6 0x555f2a94a296 <unknown>\n#7 0x555f2a93c173 <unknown>\n#8 0x555f2a908d4b <unknown>\n#9 0x555f2a9099b1 <unknown>\n#10 0x555f2ade793b <unknown>\n#11 0x555f2adeb83a <unknown>\n#12 0x555f2adcf692 <unknown>\n#13 0x555f2adec3c4 <unknown>\n#14 0x555f2adb44cf <unknown>\n#15 0x555f2ae10568 <unknown>\n#16 0x555f2ae10746 <unknown>\n#17 0x555f2ae215f6 <unknown>\n#18 0x7f74839bb1f5 <unknown>\n","logger":"root"}
{"timestamp":"2025-05-12T07:06:17.861579","level":"info","event":"Selesai scraping halaman 1","logger":"root"}
{"timestamp":"2025-05-12T07:06:17.861640","level":"info","event":"Scraping halaman 2/5: http://www.iqplus.info/news/market_news/go-to-page,2.html","logger":"root"}
{"timestamp":"2025-05-12T07:06:54.453897","level":"warning","event":"Cache folder (/usr/sbin/.cache/selenium) cannot be created: Permission denied (os error 13)","logger":"selenium.webdriver.common.selenium_manager"}
{"timestamp":"2025-05-12T07:06:54.454947","level":"warning","event":"Cache folder (/usr/sbin/.cache/selenium) cannot be created: Permission denied (os error 13)","logger":"selenium.webdriver.common.selenium_manager"}
{"timestamp":"2025-05-12T07:06:54.455086","level":"warning","event":"Cache folder (/usr/sbin/.cache/selenium) cannot be created: Permission denied (os error 13)","logger":"selenium.webdriver.common.selenium_manager"}
{"timestamp":"2025-05-12T07:07:32.825309","level":"info","event":"Ditemukan 30 berita di halaman 2","logger":"root"}
{"timestamp":"2025-05-12T07:07:32.861859","level":"info","event":"Scraping artikel 1/30 di halaman 2: EKOM: ZULHAS SEBUT PERPRES TERKAIT MBG TERUS DIGODOK","logger":"root"}
{"timestamp":"2025-05-12T07:07:33.062750","level":"info","event":"Artikel sudah ada di database: EKOM: ZULHAS SEBUT PERPRES TERKAIT MBG TERUS DIGODOK","logger":"root"}
{"timestamp":"2025-05-12T07:07:35.063668","level":"info","event":"Scraping artikel 2/30 di halaman 2: EKOM: IHSG SESI I DITUTUP MENGUAT 17 POIN KE LEVEL 6.844","logger":"root"}
{"timestamp":"2025-05-12T07:07:36.832740","level":"warning","event":"Cache folder (/usr/sbin/.cache/selenium) cannot be created: Permission denied (os error 13)","logger":"selenium.webdriver.common.selenium_manager"}
{"timestamp":"2025-05-12T07:07:36.832855","level":"warning","event":"Cache folder (/usr/sbin/.cache/selenium) cannot be created: Permission denied (os error 13)","logger":"selenium.webdriver.common.selenium_manager"}
{"timestamp":"2025-05-12T07:07:36.832915","level":"warning","event":"Cache folder (/usr/sbin/.cache/selenium) cannot be created: Permission denied (os error 13)","logger":"selenium.webdriver.common.selenium_manager"}
